{"/Users/rogerioromao/dev/personal/spiral/scripts/generateAlgorithmRegistry.mjs": {"path":"/Users/rogerioromao/dev/personal/spiral/scripts/generateAlgorithmRegistry.mjs","statementMap":{"0":{"start":{"line":5,"column":18},"end":{"line":5,"column":49}},"1":{"start":{"line":6,"column":18},"end":{"line":6,"column":42}},"2":{"start":{"line":7,"column":20},"end":{"line":7,"column":49}},"3":{"start":{"line":8,"column":17},"end":{"line":8,"column":55}},"4":{"start":{"line":9,"column":18},"end":{"line":9,"column":60}},"5":{"start":{"line":10,"column":19},"end":{"line":10,"column":63}},"6":{"start":{"line":13,"column":21},"end":{"line":13,"column":51}},"7":{"start":{"line":15,"column":4},"end":{"line":19,"column":null}},"8":{"start":{"line":16,"column":8},"end":{"line":18,"column":null}},"9":{"start":{"line":21,"column":4},"end":{"line":21,"column":null}},"10":{"start":{"line":25,"column":24},"end":{"line":28,"column":6}},"11":{"start":{"line":26,"column":27},"end":{"line":26,"column":45}},"12":{"start":{"line":27,"column":8},"end":{"line":27,"column":null}},"13":{"start":{"line":29,"column":23},"end":{"line":29,"column":72}},"14":{"start":{"line":29,"column":43},"end":{"line":29,"column":71}},"15":{"start":{"line":30,"column":4},"end":{"line":30,"column":null}},"16":{"start":{"line":34,"column":20},"end":{"line":34,"column":71}},"17":{"start":{"line":35,"column":22},"end":{"line":43,"column":47}},"18":{"start":{"line":38,"column":16},"end":{"line":40,"column":50}},"19":{"start":{"line":42,"column":24},"end":{"line":42,"column":34}},"20":{"start":{"line":43,"column":28},"end":{"line":43,"column":46}},"21":{"start":{"line":44,"column":26},"end":{"line":52,"column":47}},"22":{"start":{"line":47,"column":16},"end":{"line":49,"column":49}},"23":{"start":{"line":51,"column":24},"end":{"line":51,"column":34}},"24":{"start":{"line":52,"column":28},"end":{"line":52,"column":46}},"25":{"start":{"line":54,"column":4},"end":{"line":58,"column":null}},"26":{"start":{"line":55,"column":8},"end":{"line":57,"column":null}},"27":{"start":{"line":61,"column":8},"end":{"line":61,"column":36}},"28":{"start":{"line":63,"column":8},"end":{"line":63,"column":40}},"29":{"start":{"line":65,"column":21},"end":{"line":80,"column":16}},"30":{"start":{"line":82,"column":4},"end":{"line":82,"column":null}},"31":{"start":{"line":83,"column":4},"end":{"line":83,"column":null}},"32":{"start":{"line":88,"column":0},"end":{"line":96,"column":null}},"33":{"start":{"line":89,"column":4},"end":{"line":95,"column":null}},"34":{"start":{"line":90,"column":8},"end":{"line":90,"column":null}},"35":{"start":{"line":93,"column":8},"end":{"line":93,"column":null}},"36":{"start":{"line":94,"column":8},"end":{"line":94,"column":null}}},"fnMap":{"0":{"name":"toIdentifier","decl":{"start":{"line":12,"column":9},"end":{"line":12,"column":21}},"loc":{"start":{"line":12,"column":32},"end":{"line":22,"column":null}},"line":12},"1":{"name":"buildFileContents","decl":{"start":{"line":24,"column":9},"end":{"line":24,"column":26}},"loc":{"start":{"line":24,"column":34},"end":{"line":31,"column":null}},"line":24},"2":{"name":"(anonymous_2)","decl":{"start":{"line":25,"column":34},"end":{"line":25,"column":35}},"loc":{"start":{"line":25,"column":44},"end":{"line":28,"column":5}},"line":25},"3":{"name":"(anonymous_3)","decl":{"start":{"line":29,"column":33},"end":{"line":29,"column":34}},"loc":{"start":{"line":29,"column":43},"end":{"line":29,"column":71}},"line":29},"4":{"name":"run","decl":{"start":{"line":33,"column":15},"end":{"line":33,"column":18}},"loc":{"start":{"line":33,"column":21},"end":{"line":84,"column":null}},"line":33},"5":{"name":"(anonymous_5)","decl":{"start":{"line":37,"column":12},"end":{"line":37,"column":13}},"loc":{"start":{"line":38,"column":16},"end":{"line":40,"column":50}},"line":38},"6":{"name":"(anonymous_6)","decl":{"start":{"line":42,"column":13},"end":{"line":42,"column":14}},"loc":{"start":{"line":42,"column":24},"end":{"line":42,"column":34}},"line":42},"7":{"name":"(anonymous_7)","decl":{"start":{"line":43,"column":18},"end":{"line":43,"column":19}},"loc":{"start":{"line":43,"column":28},"end":{"line":43,"column":46}},"line":43},"8":{"name":"(anonymous_8)","decl":{"start":{"line":46,"column":12},"end":{"line":46,"column":13}},"loc":{"start":{"line":47,"column":16},"end":{"line":49,"column":49}},"line":47},"9":{"name":"(anonymous_9)","decl":{"start":{"line":51,"column":13},"end":{"line":51,"column":14}},"loc":{"start":{"line":51,"column":24},"end":{"line":51,"column":34}},"line":51},"10":{"name":"(anonymous_10)","decl":{"start":{"line":52,"column":18},"end":{"line":52,"column":19}},"loc":{"start":{"line":52,"column":28},"end":{"line":52,"column":46}},"line":52}},"branchMap":{"0":{"loc":{"start":{"line":15,"column":4},"end":{"line":19,"column":null}},"type":"if","locations":[{"start":{"line":15,"column":4},"end":{"line":19,"column":null}},{"start":{},"end":{}}],"line":15},"1":{"loc":{"start":{"line":38,"column":16},"end":{"line":40,"column":50}},"type":"binary-expr","locations":[{"start":{"line":38,"column":16},"end":{"line":38,"column":30}},{"start":{"line":39,"column":16},"end":{"line":39,"column":42}},{"start":{"line":40,"column":16},"end":{"line":40,"column":50}}],"line":38},"2":{"loc":{"start":{"line":47,"column":16},"end":{"line":49,"column":49}},"type":"binary-expr","locations":[{"start":{"line":47,"column":16},"end":{"line":47,"column":30}},{"start":{"line":48,"column":16},"end":{"line":48,"column":42}},{"start":{"line":49,"column":16},"end":{"line":49,"column":49}}],"line":47},"3":{"loc":{"start":{"line":54,"column":4},"end":{"line":58,"column":null}},"type":"if","locations":[{"start":{"line":54,"column":4},"end":{"line":58,"column":null}},{"start":{},"end":{}}],"line":54},"4":{"loc":{"start":{"line":54,"column":8},"end":{"line":54,"column":60}},"type":"binary-expr","locations":[{"start":{"line":54,"column":8},"end":{"line":54,"column":30}},{"start":{"line":54,"column":34},"end":{"line":54,"column":60}}],"line":54},"5":{"loc":{"start":{"line":88,"column":0},"end":{"line":96,"column":null}},"type":"if","locations":[{"start":{"line":88,"column":0},"end":{"line":96,"column":null}},{"start":{},"end":{}}],"line":88}},"s":{"0":1,"1":1,"2":1,"3":1,"4":1,"5":1,"6":16,"7":16,"8":4,"9":12,"10":4,"11":5,"12":5,"13":4,"14":4,"15":4,"16":0,"17":0,"18":0,"19":0,"20":0,"21":0,"22":0,"23":0,"24":0,"25":0,"26":0,"27":0,"28":0,"29":0,"30":0,"31":0,"32":1,"33":0,"34":0,"35":0,"36":0},"f":{"0":16,"1":4,"2":5,"3":4,"4":0,"5":0,"6":0,"7":0,"8":0,"9":0,"10":0},"b":{"0":[4,12],"1":[0,0,0],"2":[0,0,0],"3":[0,0],"4":[0,0],"5":[0,1]},"meta":{"lastBranch":6,"lastFunction":11,"lastStatement":37,"seen":{"s:5:18:5:49":0,"s:6:18:6:42":1,"s:7:20:7:49":2,"s:8:17:8:55":3,"s:9:18:9:60":4,"s:10:19:10:63":5,"f:12:9:12:21":0,"s:13:21:13:51":6,"b:15:4:19:Infinity:undefined:undefined:undefined:undefined":0,"s:15:4:19:Infinity":7,"s:16:8:18:Infinity":8,"s:21:4:21:Infinity":9,"f:24:9:24:26":1,"s:25:24:28:6":10,"f:25:34:25:35":2,"s:26:27:26:45":11,"s:27:8:27:Infinity":12,"s:29:23:29:72":13,"f:29:33:29:34":3,"s:29:43:29:71":14,"s:30:4:30:Infinity":15,"f:33:15:33:18":4,"s:34:20:34:71":16,"s:35:22:43:47":17,"f:37:12:37:13":5,"s:38:16:40:50":18,"b:38:16:38:30:39:16:39:42:40:16:40:50":1,"f:42:13:42:14":6,"s:42:24:42:34":19,"f:43:18:43:19":7,"s:43:28:43:46":20,"s:44:26:52:47":21,"f:46:12:46:13":8,"s:47:16:49:49":22,"b:47:16:47:30:48:16:48:42:49:16:49:49":2,"f:51:13:51:14":9,"s:51:24:51:34":23,"f:52:18:52:19":10,"s:52:28:52:46":24,"b:54:4:58:Infinity:undefined:undefined:undefined:undefined":3,"s:54:4:58:Infinity":25,"b:54:8:54:30:54:34:54:60":4,"s:55:8:57:Infinity":26,"s:61:8:61:36":27,"s:63:8:63:40":28,"s:65:21:80:16":29,"s:82:4:82:Infinity":30,"s:83:4:83:Infinity":31,"b:88:0:96:Infinity:undefined:undefined:undefined:undefined":5,"s:88:0:96:Infinity":32,"s:89:4:95:Infinity":33,"s:90:8:90:Infinity":34,"s:93:8:93:Infinity":35,"s:94:8:94:Infinity":36}}}
,"/Users/rogerioromao/dev/personal/spiral/src/AlgorithmChooser.js": {"path":"/Users/rogerioromao/dev/personal/spiral/src/AlgorithmChooser.js","statementMap":{"0":{"start":{"line":5,"column":8},"end":{"line":5,"column":null}},"1":{"start":{"line":6,"column":8},"end":{"line":6,"column":null}},"2":{"start":{"line":7,"column":8},"end":{"line":7,"column":null}},"3":{"start":{"line":11,"column":22},"end":{"line":13,"column":9}},"4":{"start":{"line":12,"column":22},"end":{"line":12,"column":47}},"5":{"start":{"line":15,"column":28},"end":{"line":15,"column":68}},"6":{"start":{"line":16,"column":31},"end":{"line":16,"column":49}},"7":{"start":{"line":18,"column":8},"end":{"line":18,"column":null}},"8":{"start":{"line":19,"column":8},"end":{"line":21,"column":null}},"9":{"start":{"line":20,"column":12},"end":{"line":20,"column":null}},"10":{"start":{"line":23,"column":8},"end":{"line":23,"column":null}}},"fnMap":{"0":{"name":"(anonymous_0)","decl":{"start":{"line":4,"column":4},"end":{"line":4,"column":15}},"loc":{"start":{"line":4,"column":18},"end":{"line":8,"column":null}},"line":4},"1":{"name":"(anonymous_1)","decl":{"start":{"line":10,"column":4},"end":{"line":10,"column":22}},"loc":{"start":{"line":10,"column":25},"end":{"line":24,"column":null}},"line":10},"2":{"name":"(anonymous_2)","decl":{"start":{"line":12,"column":12},"end":{"line":12,"column":13}},"loc":{"start":{"line":12,"column":22},"end":{"line":12,"column":47}},"line":12}},"branchMap":{"0":{"loc":{"start":{"line":19,"column":8},"end":{"line":21,"column":null}},"type":"if","locations":[{"start":{"line":19,"column":8},"end":{"line":21,"column":null}},{"start":{},"end":{}}],"line":19}},"s":{"0":5,"1":5,"2":5,"3":7,"4":35,"5":7,"6":7,"7":7,"8":7,"9":1,"10":7},"f":{"0":5,"1":7,"2":35},"b":{"0":[1,6]},"meta":{"lastBranch":1,"lastFunction":3,"lastStatement":11,"seen":{"f:4:4:4:15":0,"s:5:8:5:Infinity":0,"s:6:8:6:Infinity":1,"s:7:8:7:Infinity":2,"f:10:4:10:22":1,"s:11:22:13:9":3,"f:12:12:12:13":2,"s:12:22:12:47":4,"s:15:28:15:68":5,"s:16:31:16:49":6,"s:18:8:18:Infinity":7,"b:19:8:21:Infinity:undefined:undefined:undefined:undefined":0,"s:19:8:21:Infinity":8,"s:20:12:20:Infinity":9,"s:23:8:23:Infinity":10}}}
,"/Users/rogerioromao/dev/personal/spiral/src/AlgorithmLoader.js": {"path":"/Users/rogerioromao/dev/personal/spiral/src/AlgorithmLoader.js","statementMap":{"0":{"start":{"line":34,"column":23},"end":{"line":34,"column":32}},"1":{"start":{"line":41,"column":18},"end":{"line":41,"column":41}},"2":{"start":{"line":43,"column":31},"end":{"line":43,"column":35}},"3":{"start":{"line":45,"column":32},"end":{"line":45,"column":36}},"4":{"start":{"line":13,"column":8},"end":{"line":13,"column":null}},"5":{"start":{"line":17,"column":8},"end":{"line":17,"column":null}},"6":{"start":{"line":27,"column":8},"end":{"line":27,"column":null}},"7":{"start":{"line":31,"column":8},"end":{"line":31,"column":null}},"8":{"start":{"line":48,"column":8},"end":{"line":48,"column":null}},"9":{"start":{"line":52,"column":8},"end":{"line":52,"column":null}},"10":{"start":{"line":56,"column":8},"end":{"line":56,"column":null}},"11":{"start":{"line":60,"column":8},"end":{"line":60,"column":null}},"12":{"start":{"line":61,"column":8},"end":{"line":61,"column":null}},"13":{"start":{"line":62,"column":8},"end":{"line":62,"column":null}},"14":{"start":{"line":65,"column":8},"end":{"line":65,"column":null}},"15":{"start":{"line":66,"column":8},"end":{"line":66,"column":null}},"16":{"start":{"line":67,"column":8},"end":{"line":67,"column":null}},"17":{"start":{"line":69,"column":8},"end":{"line":69,"column":null}},"18":{"start":{"line":70,"column":8},"end":{"line":70,"column":null}},"19":{"start":{"line":72,"column":29},"end":{"line":72,"column":49}},"20":{"start":{"line":73,"column":8},"end":{"line":85,"column":null}},"21":{"start":{"line":74,"column":12},"end":{"line":76,"column":null}},"22":{"start":{"line":75,"column":16},"end":{"line":75,"column":null}},"23":{"start":{"line":77,"column":12},"end":{"line":84,"column":null}},"24":{"start":{"line":78,"column":16},"end":{"line":78,"column":null}},"25":{"start":{"line":80,"column":16},"end":{"line":80,"column":null}},"26":{"start":{"line":81,"column":16},"end":{"line":83,"column":null}},"27":{"start":{"line":93,"column":8},"end":{"line":93,"column":null}},"28":{"start":{"line":97,"column":8},"end":{"line":97,"column":null}},"29":{"start":{"line":98,"column":8},"end":{"line":98,"column":null}},"30":{"start":{"line":99,"column":8},"end":{"line":99,"column":null}},"31":{"start":{"line":100,"column":8},"end":{"line":100,"column":null}},"32":{"start":{"line":104,"column":8},"end":{"line":104,"column":null}},"33":{"start":{"line":105,"column":8},"end":{"line":105,"column":null}},"34":{"start":{"line":106,"column":8},"end":{"line":106,"column":null}},"35":{"start":{"line":107,"column":8},"end":{"line":107,"column":null}},"36":{"start":{"line":111,"column":8},"end":{"line":111,"column":null}},"37":{"start":{"line":112,"column":8},"end":{"line":112,"column":null}},"38":{"start":{"line":113,"column":8},"end":{"line":113,"column":null}},"39":{"start":{"line":117,"column":8},"end":{"line":117,"column":null}},"40":{"start":{"line":118,"column":8},"end":{"line":118,"column":null}},"41":{"start":{"line":119,"column":8},"end":{"line":119,"column":null}},"42":{"start":{"line":136,"column":8},"end":{"line":138,"column":null}},"43":{"start":{"line":142,"column":8},"end":{"line":142,"column":null}},"44":{"start":{"line":143,"column":8},"end":{"line":145,"column":null}},"45":{"start":{"line":144,"column":12},"end":{"line":144,"column":null}},"46":{"start":{"line":146,"column":8},"end":{"line":146,"column":null}}},"fnMap":{"0":{"name":"(anonymous_0)","decl":{"start":{"line":12,"column":11},"end":{"line":12,"column":17}},"loc":{"start":{"line":12,"column":28},"end":{"line":14,"column":null}},"line":12},"1":{"name":"(anonymous_1)","decl":{"start":{"line":16,"column":11},"end":{"line":16,"column":22}},"loc":{"start":{"line":16,"column":67},"end":{"line":18,"column":null}},"line":16},"2":{"name":"(anonymous_2)","decl":{"start":{"line":20,"column":11},"end":{"line":20,"column":30}},"loc":{"start":{"line":26,"column":6},"end":{"line":28,"column":null}},"line":26},"3":{"name":"(anonymous_3)","decl":{"start":{"line":30,"column":11},"end":{"line":30,"column":30}},"loc":{"start":{"line":30,"column":52},"end":{"line":32,"column":null}},"line":30},"4":{"name":"(anonymous_4)","decl":{"start":{"line":47,"column":11},"end":{"line":47,"column":23}},"loc":{"start":{"line":47,"column":30},"end":{"line":49,"column":null}},"line":47},"5":{"name":"(anonymous_5)","decl":{"start":{"line":51,"column":11},"end":{"line":51,"column":25}},"loc":{"start":{"line":51,"column":60},"end":{"line":53,"column":null}},"line":51},"6":{"name":"(anonymous_6)","decl":{"start":{"line":55,"column":11},"end":{"line":55,"column":28}},"loc":{"start":{"line":55,"column":36},"end":{"line":57,"column":null}},"line":55},"7":{"name":"(anonymous_7)","decl":{"start":{"line":59,"column":4},"end":{"line":59,"column":15}},"loc":{"start":{"line":59,"column":27},"end":{"line":86,"column":null}},"line":59},"8":{"name":"(anonymous_8)","decl":{"start":{"line":73,"column":20},"end":{"line":73,"column":21}},"loc":{"start":{"line":73,"column":26},"end":{"line":85,"column":9}},"line":73},"9":{"name":"(anonymous_9)","decl":{"start":{"line":92,"column":4},"end":{"line":92,"column":16}},"loc":{"start":{"line":92,"column":19},"end":{"line":94,"column":null}},"line":92},"10":{"name":"(anonymous_10)","decl":{"start":{"line":96,"column":4},"end":{"line":96,"column":15}},"loc":{"start":{"line":96,"column":18},"end":{"line":101,"column":null}},"line":96},"11":{"name":"(anonymous_11)","decl":{"start":{"line":103,"column":4},"end":{"line":103,"column":14}},"loc":{"start":{"line":103,"column":17},"end":{"line":108,"column":null}},"line":103},"12":{"name":"(anonymous_12)","decl":{"start":{"line":110,"column":4},"end":{"line":110,"column":23}},"loc":{"start":{"line":110,"column":31},"end":{"line":114,"column":null}},"line":110},"13":{"name":"(anonymous_13)","decl":{"start":{"line":116,"column":4},"end":{"line":116,"column":23}},"loc":{"start":{"line":116,"column":31},"end":{"line":120,"column":null}},"line":116},"14":{"name":"(anonymous_14)","decl":{"start":{"line":135,"column":4},"end":{"line":135,"column":8}},"loc":{"start":{"line":135,"column":11},"end":{"line":139,"column":null}},"line":135},"15":{"name":"(anonymous_15)","decl":{"start":{"line":141,"column":4},"end":{"line":141,"column":8}},"loc":{"start":{"line":141,"column":11},"end":{"line":147,"column":null}},"line":141}},"branchMap":{"0":{"loc":{"start":{"line":16,"column":23},"end":{"line":16,"column":31}},"type":"default-arg","locations":[{"start":{"line":16,"column":30},"end":{"line":16,"column":31}}],"line":16},"1":{"loc":{"start":{"line":16,"column":33},"end":{"line":16,"column":43}},"type":"default-arg","locations":[{"start":{"line":16,"column":40},"end":{"line":16,"column":43}}],"line":16},"2":{"loc":{"start":{"line":16,"column":45},"end":{"line":16,"column":55}},"type":"default-arg","locations":[{"start":{"line":16,"column":52},"end":{"line":16,"column":55}}],"line":16},"3":{"loc":{"start":{"line":16,"column":57},"end":{"line":16,"column":65}},"type":"default-arg","locations":[{"start":{"line":16,"column":64},"end":{"line":16,"column":65}}],"line":16},"4":{"loc":{"start":{"line":22,"column":8},"end":{"line":22,"column":16}},"type":"default-arg","locations":[{"start":{"line":22,"column":15},"end":{"line":22,"column":16}}],"line":22},"5":{"loc":{"start":{"line":23,"column":8},"end":{"line":23,"column":18}},"type":"default-arg","locations":[{"start":{"line":23,"column":15},"end":{"line":23,"column":18}}],"line":23},"6":{"loc":{"start":{"line":24,"column":8},"end":{"line":24,"column":18}},"type":"default-arg","locations":[{"start":{"line":24,"column":15},"end":{"line":24,"column":18}}],"line":24},"7":{"loc":{"start":{"line":25,"column":8},"end":{"line":25,"column":16}},"type":"default-arg","locations":[{"start":{"line":25,"column":15},"end":{"line":25,"column":16}}],"line":25},"8":{"loc":{"start":{"line":30,"column":38},"end":{"line":30,"column":50}},"type":"default-arg","locations":[{"start":{"line":30,"column":45},"end":{"line":30,"column":50}}],"line":30},"9":{"loc":{"start":{"line":41,"column":18},"end":{"line":41,"column":41}},"type":"binary-expr","locations":[{"start":{"line":41,"column":18},"end":{"line":41,"column":33}},{"start":{"line":41,"column":37},"end":{"line":41,"column":41}}],"line":41},"10":{"loc":{"start":{"line":51,"column":50},"end":{"line":51,"column":58}},"type":"default-arg","locations":[{"start":{"line":51,"column":57},"end":{"line":51,"column":58}}],"line":51},"11":{"loc":{"start":{"line":74,"column":12},"end":{"line":76,"column":null}},"type":"if","locations":[{"start":{"line":74,"column":12},"end":{"line":76,"column":null}},{"start":{},"end":{}}],"line":74},"12":{"loc":{"start":{"line":143,"column":8},"end":{"line":145,"column":null}},"type":"if","locations":[{"start":{"line":143,"column":8},"end":{"line":145,"column":null}},{"start":{},"end":{}}],"line":143}},"s":{"0":2,"1":2,"2":2,"3":2,"4":8,"5":0,"6":0,"7":0,"8":1,"9":1,"10":1,"11":7,"12":7,"13":7,"14":7,"15":7,"16":7,"17":7,"18":7,"19":7,"20":7,"21":4,"22":1,"23":3,"24":3,"25":3,"26":3,"27":0,"28":0,"29":0,"30":0,"31":0,"32":0,"33":0,"34":0,"35":0,"36":0,"37":0,"38":0,"39":0,"40":0,"41":0,"42":1,"43":6,"44":6,"45":1,"46":6},"f":{"0":2,"1":2,"2":2,"3":2,"4":2,"5":2,"6":2,"7":7,"8":4,"9":0,"10":0,"11":0,"12":0,"13":0,"14":1,"15":6},"b":{"0":[0],"1":[0],"2":[0],"3":[0],"4":[0],"5":[0],"6":[0],"7":[0],"8":[0],"9":[2,2],"10":[1],"11":[1,3],"12":[1,5]},"meta":{"lastBranch":13,"lastFunction":16,"lastStatement":47,"seen":{"s:34:23:34:32":0,"s:41:18:41:41":1,"s:43:31:43:35":2,"s:45:32:45:36":3,"f:12:11:12:17":0,"s:13:8:13:Infinity":4,"f:16:11:16:22":1,"b:16:30:16:31":0,"b:16:40:16:43":1,"b:16:52:16:55":2,"b:16:64:16:65":3,"s:17:8:17:Infinity":5,"f:20:11:20:30":2,"b:22:15:22:16":4,"b:23:15:23:18":5,"b:24:15:24:18":6,"b:25:15:25:16":7,"s:27:8:27:Infinity":6,"f:30:11:30:30":3,"b:30:45:30:50":8,"s:31:8:31:Infinity":7,"b:41:18:41:33:41:37:41:41":9,"f:47:11:47:23":4,"s:48:8:48:Infinity":8,"f:51:11:51:25":5,"b:51:57:51:58":10,"s:52:8:52:Infinity":9,"f:55:11:55:28":6,"s:56:8:56:Infinity":10,"f:59:4:59:15":7,"s:60:8:60:Infinity":11,"s:61:8:61:Infinity":12,"s:62:8:62:Infinity":13,"s:65:8:65:Infinity":14,"s:66:8:66:Infinity":15,"s:67:8:67:Infinity":16,"s:69:8:69:Infinity":17,"s:70:8:70:Infinity":18,"s:72:29:72:49":19,"s:73:8:85:Infinity":20,"f:73:20:73:21":8,"b:74:12:76:Infinity:undefined:undefined:undefined:undefined":11,"s:74:12:76:Infinity":21,"s:75:16:75:Infinity":22,"s:77:12:84:Infinity":23,"s:78:16:78:Infinity":24,"s:80:16:80:Infinity":25,"s:81:16:83:Infinity":26,"f:92:4:92:16":9,"s:93:8:93:Infinity":27,"f:96:4:96:15":10,"s:97:8:97:Infinity":28,"s:98:8:98:Infinity":29,"s:99:8:99:Infinity":30,"s:100:8:100:Infinity":31,"f:103:4:103:14":11,"s:104:8:104:Infinity":32,"s:105:8:105:Infinity":33,"s:106:8:106:Infinity":34,"s:107:8:107:Infinity":35,"f:110:4:110:23":12,"s:111:8:111:Infinity":36,"s:112:8:112:Infinity":37,"s:113:8:113:Infinity":38,"f:116:4:116:23":13,"s:117:8:117:Infinity":39,"s:118:8:118:Infinity":40,"s:119:8:119:Infinity":41,"f:135:4:135:8":14,"s:136:8:138:Infinity":42,"f:141:4:141:8":15,"s:142:8:142:Infinity":43,"b:143:8:145:Infinity:undefined:undefined:undefined:undefined":12,"s:143:8:145:Infinity":44,"s:144:12:144:Infinity":45,"s:146:8:146:Infinity":46}}}
,"/Users/rogerioromao/dev/personal/spiral/src/DevModeController.js": {"path":"/Users/rogerioromao/dev/personal/spiral/src/DevModeController.js","statementMap":{"0":{"start":{"line":8,"column":8},"end":{"line":8,"column":null}},"1":{"start":{"line":9,"column":8},"end":{"line":9,"column":null}},"2":{"start":{"line":11,"column":8},"end":{"line":11,"column":null}},"3":{"start":{"line":12,"column":8},"end":{"line":12,"column":null}},"4":{"start":{"line":13,"column":8},"end":{"line":13,"column":null}},"5":{"start":{"line":14,"column":8},"end":{"line":14,"column":null}},"6":{"start":{"line":15,"column":8},"end":{"line":15,"column":null}},"7":{"start":{"line":16,"column":8},"end":{"line":16,"column":null}},"8":{"start":{"line":18,"column":8},"end":{"line":18,"column":null}},"9":{"start":{"line":19,"column":8},"end":{"line":19,"column":null}},"10":{"start":{"line":20,"column":8},"end":{"line":20,"column":null}},"11":{"start":{"line":22,"column":8},"end":{"line":23,"column":null}},"12":{"start":{"line":23,"column":12},"end":{"line":23,"column":50}},"13":{"start":{"line":24,"column":8},"end":{"line":25,"column":null}},"14":{"start":{"line":25,"column":12},"end":{"line":25,"column":51}},"15":{"start":{"line":26,"column":8},"end":{"line":27,"column":null}},"16":{"start":{"line":27,"column":12},"end":{"line":27,"column":51}},"17":{"start":{"line":31,"column":8},"end":{"line":38,"column":null}},"18":{"start":{"line":33,"column":18},"end":{"line":35,"column":null}},"19":{"start":{"line":34,"column":22},"end":{"line":34,"column":null}},"20":{"start":{"line":36,"column":18},"end":{"line":36,"column":null}},"21":{"start":{"line":40,"column":8},"end":{"line":51,"column":null}},"22":{"start":{"line":41,"column":12},"end":{"line":41,"column":null}},"23":{"start":{"line":42,"column":12},"end":{"line":42,"column":null}},"24":{"start":{"line":45,"column":12},"end":{"line":47,"column":null}},"25":{"start":{"line":46,"column":16},"end":{"line":46,"column":null}},"26":{"start":{"line":48,"column":12},"end":{"line":50,"column":null}},"27":{"start":{"line":49,"column":16},"end":{"line":49,"column":null}},"28":{"start":{"line":55,"column":25},"end":{"line":55,"column":58}},"29":{"start":{"line":57,"column":8},"end":{"line":62,"column":null}},"30":{"start":{"line":58,"column":27},"end":{"line":58,"column":59}},"31":{"start":{"line":59,"column":12},"end":{"line":59,"column":null}},"32":{"start":{"line":60,"column":12},"end":{"line":60,"column":null}},"33":{"start":{"line":61,"column":12},"end":{"line":61,"column":null}},"34":{"start":{"line":64,"column":8},"end":{"line":64,"column":null}},"35":{"start":{"line":65,"column":8},"end":{"line":65,"column":null}},"36":{"start":{"line":69,"column":8},"end":{"line":72,"column":null}},"37":{"start":{"line":73,"column":8},"end":{"line":76,"column":null}},"38":{"start":{"line":77,"column":8},"end":{"line":80,"column":null}},"39":{"start":{"line":84,"column":8},"end":{"line":88,"column":null}},"40":{"start":{"line":85,"column":12},"end":{"line":85,"column":null}},"41":{"start":{"line":87,"column":12},"end":{"line":87,"column":null}},"42":{"start":{"line":92,"column":8},"end":{"line":92,"column":null}},"43":{"start":{"line":96,"column":8},"end":{"line":96,"column":null}},"44":{"start":{"line":100,"column":8},"end":{"line":100,"column":null}},"45":{"start":{"line":101,"column":8},"end":{"line":101,"column":null}},"46":{"start":{"line":103,"column":8},"end":{"line":110,"column":null}},"47":{"start":{"line":104,"column":12},"end":{"line":104,"column":null}},"48":{"start":{"line":105,"column":12},"end":{"line":105,"column":null}},"49":{"start":{"line":106,"column":12},"end":{"line":106,"column":null}},"50":{"start":{"line":108,"column":12},"end":{"line":108,"column":null}},"51":{"start":{"line":109,"column":12},"end":{"line":109,"column":null}},"52":{"start":{"line":114,"column":8},"end":{"line":124,"column":null}},"53":{"start":{"line":115,"column":12},"end":{"line":118,"column":null}},"54":{"start":{"line":120,"column":12},"end":{"line":123,"column":null}},"55":{"start":{"line":126,"column":8},"end":{"line":128,"column":null}},"56":{"start":{"line":127,"column":12},"end":{"line":127,"column":null}},"57":{"start":{"line":132,"column":8},"end":{"line":132,"column":null}},"58":{"start":{"line":136,"column":8},"end":{"line":139,"column":null}},"59":{"start":{"line":140,"column":8},"end":{"line":143,"column":null}},"60":{"start":{"line":144,"column":8},"end":{"line":147,"column":null}}},"fnMap":{"0":{"name":"(anonymous_0)","decl":{"start":{"line":7,"column":4},"end":{"line":7,"column":15}},"loc":{"start":{"line":7,"column":44},"end":{"line":52,"column":null}},"line":7},"1":{"name":"(anonymous_1)","decl":{"start":{"line":22,"column":38},"end":{"line":22,"column":39}},"loc":{"start":{"line":23,"column":12},"end":{"line":23,"column":50}},"line":23},"2":{"name":"(anonymous_2)","decl":{"start":{"line":24,"column":37},"end":{"line":24,"column":38}},"loc":{"start":{"line":25,"column":12},"end":{"line":25,"column":51}},"line":25},"3":{"name":"(anonymous_3)","decl":{"start":{"line":26,"column":37},"end":{"line":26,"column":38}},"loc":{"start":{"line":27,"column":12},"end":{"line":27,"column":51}},"line":27},"4":{"name":"(anonymous_4)","decl":{"start":{"line":32,"column":62},"end":{"line":32,"column":63}},"loc":{"start":{"line":32,"column":72},"end":{"line":37,"column":15}},"line":32},"5":{"name":"(anonymous_5)","decl":{"start":{"line":54,"column":4},"end":{"line":54,"column":20}},"loc":{"start":{"line":54,"column":23},"end":{"line":66,"column":null}},"line":54},"6":{"name":"(anonymous_6)","decl":{"start":{"line":68,"column":4},"end":{"line":68,"column":15}},"loc":{"start":{"line":68,"column":18},"end":{"line":81,"column":null}},"line":68},"7":{"name":"(anonymous_7)","decl":{"start":{"line":83,"column":4},"end":{"line":83,"column":10}},"loc":{"start":{"line":83,"column":13},"end":{"line":89,"column":null}},"line":83},"8":{"name":"(anonymous_8)","decl":{"start":{"line":91,"column":4},"end":{"line":91,"column":8}},"loc":{"start":{"line":91,"column":11},"end":{"line":93,"column":null}},"line":91},"9":{"name":"(anonymous_9)","decl":{"start":{"line":95,"column":4},"end":{"line":95,"column":9}},"loc":{"start":{"line":95,"column":12},"end":{"line":97,"column":null}},"line":95},"10":{"name":"(anonymous_10)","decl":{"start":{"line":99,"column":4},"end":{"line":99,"column":19}},"loc":{"start":{"line":99,"column":29},"end":{"line":111,"column":null}},"line":99},"11":{"name":"(anonymous_11)","decl":{"start":{"line":113,"column":4},"end":{"line":113,"column":17}},"loc":{"start":{"line":113,"column":31},"end":{"line":129,"column":null}},"line":113},"12":{"name":"(anonymous_12)","decl":{"start":{"line":131,"column":4},"end":{"line":131,"column":16}},"loc":{"start":{"line":131,"column":19},"end":{"line":133,"column":null}},"line":131},"13":{"name":"(anonymous_13)","decl":{"start":{"line":135,"column":4},"end":{"line":135,"column":11}},"loc":{"start":{"line":135,"column":14},"end":{"line":148,"column":null}},"line":135}},"branchMap":{"0":{"loc":{"start":{"line":31,"column":30},"end":{"line":38,"column":24}},"type":"cond-expr","locations":[{"start":{"line":32,"column":14},"end":{"line":37,"column":null}},{"start":{"line":38,"column":14},"end":{"line":38,"column":24}}],"line":31},"1":{"loc":{"start":{"line":33,"column":18},"end":{"line":35,"column":null}},"type":"if","locations":[{"start":{"line":33,"column":18},"end":{"line":35,"column":null}},{"start":{},"end":{}}],"line":33},"2":{"loc":{"start":{"line":33,"column":22},"end":{"line":33,"column":42}},"type":"binary-expr","locations":[{"start":{"line":33,"column":22},"end":{"line":33,"column":30}},{"start":{"line":33,"column":34},"end":{"line":33,"column":42}}],"line":33},"3":{"loc":{"start":{"line":40,"column":8},"end":{"line":51,"column":null}},"type":"if","locations":[{"start":{"line":40,"column":8},"end":{"line":51,"column":null}},{"start":{"line":43,"column":15},"end":{"line":51,"column":null}}],"line":40},"4":{"loc":{"start":{"line":45,"column":12},"end":{"line":47,"column":null}},"type":"if","locations":[{"start":{"line":45,"column":12},"end":{"line":47,"column":null}},{"start":{},"end":{}}],"line":45},"5":{"loc":{"start":{"line":48,"column":12},"end":{"line":50,"column":null}},"type":"if","locations":[{"start":{"line":48,"column":12},"end":{"line":50,"column":null}},{"start":{},"end":{}}],"line":48},"6":{"loc":{"start":{"line":84,"column":8},"end":{"line":88,"column":null}},"type":"if","locations":[{"start":{"line":84,"column":8},"end":{"line":88,"column":null}},{"start":{"line":86,"column":15},"end":{"line":88,"column":null}}],"line":84},"7":{"loc":{"start":{"line":103,"column":8},"end":{"line":110,"column":null}},"type":"if","locations":[{"start":{"line":103,"column":8},"end":{"line":110,"column":null}},{"start":{"line":107,"column":15},"end":{"line":110,"column":null}}],"line":103},"8":{"loc":{"start":{"line":114,"column":8},"end":{"line":124,"column":null}},"type":"if","locations":[{"start":{"line":114,"column":8},"end":{"line":124,"column":null}},{"start":{"line":119,"column":15},"end":{"line":124,"column":null}}],"line":114},"9":{"loc":{"start":{"line":116,"column":16},"end":{"line":118,"column":69}},"type":"cond-expr","locations":[{"start":{"line":117,"column":22},"end":{"line":117,"column":null}},{"start":{"line":118,"column":22},"end":{"line":118,"column":69}}],"line":116},"10":{"loc":{"start":{"line":121,"column":16},"end":{"line":123,"column":69}},"type":"cond-expr","locations":[{"start":{"line":122,"column":22},"end":{"line":122,"column":null}},{"start":{"line":123,"column":22},"end":{"line":123,"column":69}}],"line":121},"11":{"loc":{"start":{"line":126,"column":8},"end":{"line":128,"column":null}},"type":"if","locations":[{"start":{"line":126,"column":8},"end":{"line":128,"column":null}},{"start":{},"end":{}}],"line":126}},"s":{"0":0,"1":0,"2":0,"3":0,"4":0,"5":0,"6":0,"7":0,"8":0,"9":0,"10":0,"11":0,"12":0,"13":0,"14":0,"15":0,"16":0,"17":0,"18":0,"19":0,"20":0,"21":0,"22":0,"23":0,"24":0,"25":0,"26":0,"27":0,"28":0,"29":0,"30":0,"31":0,"32":0,"33":0,"34":0,"35":0,"36":0,"37":0,"38":0,"39":0,"40":0,"41":0,"42":0,"43":0,"44":0,"45":0,"46":0,"47":0,"48":0,"49":0,"50":0,"51":0,"52":0,"53":0,"54":0,"55":0,"56":0,"57":0,"58":0,"59":0,"60":0},"f":{"0":0,"1":0,"2":0,"3":0,"4":0,"5":0,"6":0,"7":0,"8":0,"9":0,"10":0,"11":0,"12":0,"13":0},"b":{"0":[0,0],"1":[0,0],"2":[0,0],"3":[0,0],"4":[0,0],"5":[0,0],"6":[0,0],"7":[0,0],"8":[0,0],"9":[0,0],"10":[0,0],"11":[0,0]},"meta":{"lastBranch":12,"lastFunction":14,"lastStatement":61,"seen":{"f:7:4:7:15":0,"s:8:8:8:Infinity":0,"s:9:8:9:Infinity":1,"s:11:8:11:Infinity":2,"s:12:8:12:Infinity":3,"s:13:8:13:Infinity":4,"s:14:8:14:Infinity":5,"s:15:8:15:Infinity":6,"s:16:8:16:Infinity":7,"s:18:8:18:Infinity":8,"s:19:8:19:Infinity":9,"s:20:8:20:Infinity":10,"s:22:8:23:Infinity":11,"f:22:38:22:39":1,"s:23:12:23:50":12,"s:24:8:25:Infinity":13,"f:24:37:24:38":2,"s:25:12:25:51":14,"s:26:8:27:Infinity":15,"f:26:37:26:38":3,"s:27:12:27:51":16,"s:31:8:38:Infinity":17,"b:32:14:37:Infinity:38:14:38:24":0,"f:32:62:32:63":4,"b:33:18:35:Infinity:undefined:undefined:undefined:undefined":1,"s:33:18:35:Infinity":18,"b:33:22:33:30:33:34:33:42":2,"s:34:22:34:Infinity":19,"s:36:18:36:Infinity":20,"b:40:8:51:Infinity:43:15:51:Infinity":3,"s:40:8:51:Infinity":21,"s:41:12:41:Infinity":22,"s:42:12:42:Infinity":23,"b:45:12:47:Infinity:undefined:undefined:undefined:undefined":4,"s:45:12:47:Infinity":24,"s:46:16:46:Infinity":25,"b:48:12:50:Infinity:undefined:undefined:undefined:undefined":5,"s:48:12:50:Infinity":26,"s:49:16:49:Infinity":27,"f:54:4:54:20":5,"s:55:25:55:58":28,"s:57:8:62:Infinity":29,"s:58:27:58:59":30,"s:59:12:59:Infinity":31,"s:60:12:60:Infinity":32,"s:61:12:61:Infinity":33,"s:64:8:64:Infinity":34,"s:65:8:65:Infinity":35,"f:68:4:68:15":6,"s:69:8:72:Infinity":36,"s:73:8:76:Infinity":37,"s:77:8:80:Infinity":38,"f:83:4:83:10":7,"b:84:8:88:Infinity:86:15:88:Infinity":6,"s:84:8:88:Infinity":39,"s:85:12:85:Infinity":40,"s:87:12:87:Infinity":41,"f:91:4:91:8":8,"s:92:8:92:Infinity":42,"f:95:4:95:9":9,"s:96:8:96:Infinity":43,"f:99:4:99:19":10,"s:100:8:100:Infinity":44,"s:101:8:101:Infinity":45,"b:103:8:110:Infinity:107:15:110:Infinity":7,"s:103:8:110:Infinity":46,"s:104:12:104:Infinity":47,"s:105:12:105:Infinity":48,"s:106:12:106:Infinity":49,"s:108:12:108:Infinity":50,"s:109:12:109:Infinity":51,"f:113:4:113:17":11,"b:114:8:124:Infinity:119:15:124:Infinity":8,"s:114:8:124:Infinity":52,"s:115:12:118:Infinity":53,"b:117:22:117:Infinity:118:22:118:69":9,"s:120:12:123:Infinity":54,"b:122:22:122:Infinity:123:22:123:69":10,"b:126:8:128:Infinity:undefined:undefined:undefined:undefined":11,"s:126:8:128:Infinity":55,"s:127:12:127:Infinity":56,"f:131:4:131:16":12,"s:132:8:132:Infinity":57,"f:135:4:135:11":13,"s:136:8:139:Infinity":58,"s:140:8:143:Infinity":59,"s:144:8:147:Infinity":60}}}
,"/Users/rogerioromao/dev/personal/spiral/src/HudController.js": {"path":"/Users/rogerioromao/dev/personal/spiral/src/HudController.js","statementMap":{"0":{"start":{"line":13,"column":8},"end":{"line":13,"column":null}},"1":{"start":{"line":14,"column":8},"end":{"line":14,"column":null}},"2":{"start":{"line":15,"column":8},"end":{"line":15,"column":null}},"3":{"start":{"line":17,"column":8},"end":{"line":17,"column":null}},"4":{"start":{"line":18,"column":8},"end":{"line":18,"column":null}},"5":{"start":{"line":19,"column":8},"end":{"line":19,"column":null}},"6":{"start":{"line":20,"column":8},"end":{"line":20,"column":null}},"7":{"start":{"line":25,"column":8},"end":{"line":25,"column":null}},"8":{"start":{"line":30,"column":8},"end":{"line":30,"column":null}},"9":{"start":{"line":31,"column":8},"end":{"line":31,"column":null}},"10":{"start":{"line":32,"column":8},"end":{"line":32,"column":null}},"11":{"start":{"line":33,"column":8},"end":{"line":36,"column":null}},"12":{"start":{"line":34,"column":12},"end":{"line":34,"column":null}},"13":{"start":{"line":35,"column":12},"end":{"line":35,"column":null}},"14":{"start":{"line":41,"column":8},"end":{"line":43,"column":null}},"15":{"start":{"line":42,"column":12},"end":{"line":42,"column":null}},"16":{"start":{"line":44,"column":8},"end":{"line":44,"column":null}},"17":{"start":{"line":45,"column":8},"end":{"line":45,"column":null}},"18":{"start":{"line":46,"column":8},"end":{"line":46,"column":null}},"19":{"start":{"line":48,"column":8},"end":{"line":51,"column":null}},"20":{"start":{"line":49,"column":12},"end":{"line":49,"column":null}},"21":{"start":{"line":50,"column":12},"end":{"line":50,"column":null}},"22":{"start":{"line":59,"column":8},"end":{"line":59,"column":null}},"23":{"start":{"line":60,"column":8},"end":{"line":60,"column":null}},"24":{"start":{"line":61,"column":8},"end":{"line":61,"column":null}},"25":{"start":{"line":62,"column":8},"end":{"line":62,"column":null}},"26":{"start":{"line":70,"column":8},"end":{"line":70,"column":null}},"27":{"start":{"line":71,"column":8},"end":{"line":71,"column":null}},"28":{"start":{"line":72,"column":8},"end":{"line":72,"column":null}},"29":{"start":{"line":77,"column":8},"end":{"line":77,"column":null}},"30":{"start":{"line":78,"column":8},"end":{"line":78,"column":null}}},"fnMap":{"0":{"name":"(anonymous_0)","decl":{"start":{"line":12,"column":4},"end":{"line":12,"column":15}},"loc":{"start":{"line":12,"column":70},"end":{"line":21,"column":null}},"line":12},"1":{"name":"(anonymous_1)","decl":{"start":{"line":24,"column":8},"end":{"line":24,"column":14}},"loc":{"start":{"line":24,"column":17},"end":{"line":26,"column":null}},"line":24},"2":{"name":"(anonymous_2)","decl":{"start":{"line":29,"column":4},"end":{"line":29,"column":18}},"loc":{"start":{"line":29,"column":28},"end":{"line":37,"column":null}},"line":29},"3":{"name":"(anonymous_3)","decl":{"start":{"line":33,"column":40},"end":{"line":33,"column":41}},"loc":{"start":{"line":33,"column":46},"end":{"line":36,"column":9}},"line":33},"4":{"name":"(anonymous_4)","decl":{"start":{"line":40,"column":4},"end":{"line":40,"column":24}},"loc":{"start":{"line":40,"column":31},"end":{"line":52,"column":null}},"line":40},"5":{"name":"(anonymous_5)","decl":{"start":{"line":48,"column":46},"end":{"line":48,"column":47}},"loc":{"start":{"line":48,"column":52},"end":{"line":51,"column":9}},"line":48},"6":{"name":"(anonymous_6)","decl":{"start":{"line":58,"column":4},"end":{"line":58,"column":16}},"loc":{"start":{"line":58,"column":19},"end":{"line":63,"column":null}},"line":58},"7":{"name":"(anonymous_7)","decl":{"start":{"line":69,"column":4},"end":{"line":69,"column":14}},"loc":{"start":{"line":69,"column":17},"end":{"line":73,"column":null}},"line":69},"8":{"name":"(anonymous_8)","decl":{"start":{"line":76,"column":4},"end":{"line":76,"column":11}},"loc":{"start":{"line":76,"column":14},"end":{"line":79,"column":null}},"line":76}},"branchMap":{"0":{"loc":{"start":{"line":41,"column":8},"end":{"line":43,"column":null}},"type":"if","locations":[{"start":{"line":41,"column":8},"end":{"line":43,"column":null}},{"start":{},"end":{}}],"line":41},"1":{"loc":{"start":{"line":71,"column":42},"end":{"line":71,"column":75}},"type":"cond-expr","locations":[{"start":{"line":71,"column":59},"end":{"line":71,"column":66}},{"start":{"line":71,"column":69},"end":{"line":71,"column":75}}],"line":71}},"s":{"0":0,"1":0,"2":0,"3":0,"4":0,"5":0,"6":0,"7":0,"8":0,"9":0,"10":0,"11":0,"12":0,"13":0,"14":0,"15":0,"16":0,"17":0,"18":0,"19":0,"20":0,"21":0,"22":0,"23":0,"24":0,"25":0,"26":0,"27":0,"28":0,"29":0,"30":0},"f":{"0":0,"1":0,"2":0,"3":0,"4":0,"5":0,"6":0,"7":0,"8":0},"b":{"0":[0,0],"1":[0,0]},"meta":{"lastBranch":2,"lastFunction":9,"lastStatement":31,"seen":{"f:12:4:12:15":0,"s:13:8:13:Infinity":0,"s:14:8:14:Infinity":1,"s:15:8:15:Infinity":2,"s:17:8:17:Infinity":3,"s:18:8:18:Infinity":4,"s:19:8:19:Infinity":5,"s:20:8:20:Infinity":6,"f:24:8:24:14":1,"s:25:8:25:Infinity":7,"f:29:4:29:18":2,"s:30:8:30:Infinity":8,"s:31:8:31:Infinity":9,"s:32:8:32:Infinity":10,"s:33:8:36:Infinity":11,"f:33:40:33:41":3,"s:34:12:34:Infinity":12,"s:35:12:35:Infinity":13,"f:40:4:40:24":4,"b:41:8:43:Infinity:undefined:undefined:undefined:undefined":0,"s:41:8:43:Infinity":14,"s:42:12:42:Infinity":15,"s:44:8:44:Infinity":16,"s:45:8:45:Infinity":17,"s:46:8:46:Infinity":18,"s:48:8:51:Infinity":19,"f:48:46:48:47":5,"s:49:12:49:Infinity":20,"s:50:12:50:Infinity":21,"f:58:4:58:16":6,"s:59:8:59:Infinity":22,"s:60:8:60:Infinity":23,"s:61:8:61:Infinity":24,"s:62:8:62:Infinity":25,"f:69:4:69:14":7,"s:70:8:70:Infinity":26,"s:71:8:71:Infinity":27,"b:71:59:71:66:71:69:71:75":1,"s:72:8:72:Infinity":28,"f:76:4:76:11":8,"s:77:8:77:Infinity":29,"s:78:8:78:Infinity":30}}}
,"/Users/rogerioromao/dev/personal/spiral/src/KeyboardController.js": {"path":"/Users/rogerioromao/dev/personal/spiral/src/KeyboardController.js","statementMap":{"0":{"start":{"line":15,"column":8},"end":{"line":15,"column":null}},"1":{"start":{"line":16,"column":8},"end":{"line":16,"column":null}},"2":{"start":{"line":17,"column":8},"end":{"line":17,"column":null}},"3":{"start":{"line":18,"column":8},"end":{"line":18,"column":null}},"4":{"start":{"line":19,"column":8},"end":{"line":19,"column":null}},"5":{"start":{"line":22,"column":8},"end":{"line":22,"column":null}},"6":{"start":{"line":23,"column":8},"end":{"line":23,"column":null}},"7":{"start":{"line":23,"column":31},"end":{"line":23,"column":51}},"8":{"start":{"line":28,"column":8},"end":{"line":28,"column":null}},"9":{"start":{"line":33,"column":8},"end":{"line":33,"column":null}},"10":{"start":{"line":38,"column":8},"end":{"line":115,"column":null}},"11":{"start":{"line":40,"column":16},"end":{"line":40,"column":null}},"12":{"start":{"line":41,"column":16},"end":{"line":41,"column":null}},"13":{"start":{"line":42,"column":16},"end":{"line":42,"column":null}},"14":{"start":{"line":46,"column":16},"end":{"line":46,"column":null}},"15":{"start":{"line":47,"column":16},"end":{"line":47,"column":null}},"16":{"start":{"line":51,"column":16},"end":{"line":54,"column":null}},"17":{"start":{"line":55,"column":16},"end":{"line":57,"column":null}},"18":{"start":{"line":58,"column":16},"end":{"line":58,"column":null}},"19":{"start":{"line":62,"column":16},"end":{"line":65,"column":null}},"20":{"start":{"line":66,"column":16},"end":{"line":68,"column":null}},"21":{"start":{"line":69,"column":16},"end":{"line":69,"column":null}},"22":{"start":{"line":73,"column":16},"end":{"line":73,"column":null}},"23":{"start":{"line":74,"column":16},"end":{"line":76,"column":null}},"24":{"start":{"line":77,"column":16},"end":{"line":77,"column":null}},"25":{"start":{"line":81,"column":16},"end":{"line":81,"column":null}},"26":{"start":{"line":82,"column":16},"end":{"line":84,"column":null}},"27":{"start":{"line":85,"column":16},"end":{"line":85,"column":null}},"28":{"start":{"line":89,"column":16},"end":{"line":89,"column":null}},"29":{"start":{"line":90,"column":16},"end":{"line":90,"column":null}},"30":{"start":{"line":94,"column":16},"end":{"line":94,"column":null}},"31":{"start":{"line":95,"column":16},"end":{"line":95,"column":null}},"32":{"start":{"line":99,"column":16},"end":{"line":101,"column":null}},"33":{"start":{"line":100,"column":20},"end":{"line":100,"column":null}},"34":{"start":{"line":102,"column":16},"end":{"line":102,"column":null}},"35":{"start":{"line":106,"column":16},"end":{"line":108,"column":null}},"36":{"start":{"line":107,"column":20},"end":{"line":107,"column":null}},"37":{"start":{"line":109,"column":16},"end":{"line":109,"column":null}},"38":{"start":{"line":113,"column":16},"end":{"line":113,"column":null}}},"fnMap":{"0":{"name":"(anonymous_0)","decl":{"start":{"line":14,"column":4},"end":{"line":14,"column":15}},"loc":{"start":{"line":14,"column":77},"end":{"line":24,"column":null}},"line":14},"1":{"name":"(anonymous_1)","decl":{"start":{"line":23,"column":24},"end":{"line":23,"column":25}},"loc":{"start":{"line":23,"column":31},"end":{"line":23,"column":51}},"line":23},"2":{"name":"(anonymous_2)","decl":{"start":{"line":27,"column":4},"end":{"line":27,"column":8}},"loc":{"start":{"line":27,"column":11},"end":{"line":29,"column":null}},"line":27},"3":{"name":"(anonymous_3)","decl":{"start":{"line":32,"column":4},"end":{"line":32,"column":11}},"loc":{"start":{"line":32,"column":14},"end":{"line":34,"column":null}},"line":32},"4":{"name":"(anonymous_4)","decl":{"start":{"line":37,"column":4},"end":{"line":37,"column":16}},"loc":{"start":{"line":37,"column":20},"end":{"line":116,"column":null}},"line":37}},"branchMap":{"0":{"loc":{"start":{"line":38,"column":8},"end":{"line":115,"column":null}},"type":"switch","locations":[{"start":{"line":39,"column":12},"end":{"line":43,"column":null}},{"start":{"line":45,"column":12},"end":{"line":48,"column":null}},{"start":{"line":50,"column":12},"end":{"line":59,"column":null}},{"start":{"line":61,"column":12},"end":{"line":70,"column":null}},{"start":{"line":72,"column":12},"end":{"line":78,"column":null}},{"start":{"line":80,"column":12},"end":{"line":86,"column":null}},{"start":{"line":88,"column":12},"end":{"line":91,"column":null}},{"start":{"line":93,"column":12},"end":{"line":96,"column":null}},{"start":{"line":98,"column":12},"end":{"line":103,"column":null}},{"start":{"line":105,"column":12},"end":{"line":110,"column":null}},{"start":{"line":112,"column":12},"end":{"line":114,"column":null}}],"line":38},"1":{"loc":{"start":{"line":75,"column":20},"end":{"line":75,"column":73}},"type":"cond-expr","locations":[{"start":{"line":75,"column":46},"end":{"line":75,"column":59}},{"start":{"line":75,"column":62},"end":{"line":75,"column":73}}],"line":75},"2":{"loc":{"start":{"line":83,"column":20},"end":{"line":83,"column":69}},"type":"cond-expr","locations":[{"start":{"line":83,"column":39},"end":{"line":83,"column":52}},{"start":{"line":83,"column":55},"end":{"line":83,"column":69}}],"line":83},"3":{"loc":{"start":{"line":99,"column":16},"end":{"line":101,"column":null}},"type":"if","locations":[{"start":{"line":99,"column":16},"end":{"line":101,"column":null}},{"start":{},"end":{}}],"line":99},"4":{"loc":{"start":{"line":106,"column":16},"end":{"line":108,"column":null}},"type":"if","locations":[{"start":{"line":106,"column":16},"end":{"line":108,"column":null}},{"start":{},"end":{}}],"line":106}},"s":{"0":0,"1":0,"2":0,"3":0,"4":0,"5":0,"6":0,"7":0,"8":0,"9":0,"10":0,"11":0,"12":0,"13":0,"14":0,"15":0,"16":0,"17":0,"18":0,"19":0,"20":0,"21":0,"22":0,"23":0,"24":0,"25":0,"26":0,"27":0,"28":0,"29":0,"30":0,"31":0,"32":0,"33":0,"34":0,"35":0,"36":0,"37":0,"38":0},"f":{"0":0,"1":0,"2":0,"3":0,"4":0},"b":{"0":[0,0,0,0,0,0,0,0,0,0,0],"1":[0,0],"2":[0,0],"3":[0,0],"4":[0,0]},"meta":{"lastBranch":5,"lastFunction":5,"lastStatement":39,"seen":{"f:14:4:14:15":0,"s:15:8:15:Infinity":0,"s:16:8:16:Infinity":1,"s:17:8:17:Infinity":2,"s:18:8:18:Infinity":3,"s:19:8:19:Infinity":4,"s:22:8:22:Infinity":5,"s:23:8:23:Infinity":6,"f:23:24:23:25":1,"s:23:31:23:51":7,"f:27:4:27:8":2,"s:28:8:28:Infinity":8,"f:32:4:32:11":3,"s:33:8:33:Infinity":9,"f:37:4:37:16":4,"b:39:12:43:Infinity:45:12:48:Infinity:50:12:59:Infinity:61:12:70:Infinity:72:12:78:Infinity:80:12:86:Infinity:88:12:91:Infinity:93:12:96:Infinity:98:12:103:Infinity:105:12:110:Infinity:112:12:114:Infinity":0,"s:38:8:115:Infinity":10,"s:40:16:40:Infinity":11,"s:41:16:41:Infinity":12,"s:42:16:42:Infinity":13,"s:46:16:46:Infinity":14,"s:47:16:47:Infinity":15,"s:51:16:54:Infinity":16,"s:55:16:57:Infinity":17,"s:58:16:58:Infinity":18,"s:62:16:65:Infinity":19,"s:66:16:68:Infinity":20,"s:69:16:69:Infinity":21,"s:73:16:73:Infinity":22,"s:74:16:76:Infinity":23,"b:75:46:75:59:75:62:75:73":1,"s:77:16:77:Infinity":24,"s:81:16:81:Infinity":25,"s:82:16:84:Infinity":26,"b:83:39:83:52:83:55:83:69":2,"s:85:16:85:Infinity":27,"s:89:16:89:Infinity":28,"s:90:16:90:Infinity":29,"s:94:16:94:Infinity":30,"s:95:16:95:Infinity":31,"b:99:16:101:Infinity:undefined:undefined:undefined:undefined":3,"s:99:16:101:Infinity":32,"s:100:20:100:Infinity":33,"s:102:16:102:Infinity":34,"b:106:16:108:Infinity:undefined:undefined:undefined:undefined":4,"s:106:16:108:Infinity":35,"s:107:20:107:Infinity":36,"s:109:16:109:Infinity":37,"s:113:16:113:Infinity":38}}}
,"/Users/rogerioromao/dev/personal/spiral/src/MusicPlayer.js": {"path":"/Users/rogerioromao/dev/personal/spiral/src/MusicPlayer.js","statementMap":{"0":{"start":{"line":11,"column":8},"end":{"line":11,"column":null}},"1":{"start":{"line":12,"column":8},"end":{"line":12,"column":null}},"2":{"start":{"line":13,"column":8},"end":{"line":13,"column":null}},"3":{"start":{"line":14,"column":8},"end":{"line":14,"column":null}},"4":{"start":{"line":15,"column":8},"end":{"line":15,"column":null}},"5":{"start":{"line":16,"column":8},"end":{"line":16,"column":null}},"6":{"start":{"line":17,"column":8},"end":{"line":17,"column":null}},"7":{"start":{"line":18,"column":8},"end":{"line":18,"column":null}},"8":{"start":{"line":19,"column":8},"end":{"line":19,"column":null}},"9":{"start":{"line":20,"column":8},"end":{"line":20,"column":null}},"10":{"start":{"line":21,"column":8},"end":{"line":21,"column":null}},"11":{"start":{"line":22,"column":8},"end":{"line":22,"column":null}},"12":{"start":{"line":23,"column":8},"end":{"line":23,"column":null}},"13":{"start":{"line":24,"column":8},"end":{"line":24,"column":null}},"14":{"start":{"line":25,"column":8},"end":{"line":25,"column":null}},"15":{"start":{"line":26,"column":8},"end":{"line":26,"column":null}},"16":{"start":{"line":27,"column":8},"end":{"line":27,"column":null}},"17":{"start":{"line":28,"column":8},"end":{"line":28,"column":null}},"18":{"start":{"line":30,"column":8},"end":{"line":30,"column":null}},"19":{"start":{"line":33,"column":8},"end":{"line":33,"column":null}},"20":{"start":{"line":34,"column":8},"end":{"line":34,"column":null}},"21":{"start":{"line":35,"column":8},"end":{"line":35,"column":null}},"22":{"start":{"line":36,"column":8},"end":{"line":36,"column":null}},"23":{"start":{"line":37,"column":8},"end":{"line":37,"column":null}},"24":{"start":{"line":38,"column":8},"end":{"line":38,"column":null}},"25":{"start":{"line":39,"column":8},"end":{"line":39,"column":null}},"26":{"start":{"line":40,"column":8},"end":{"line":40,"column":null}},"27":{"start":{"line":41,"column":8},"end":{"line":41,"column":null}},"28":{"start":{"line":42,"column":8},"end":{"line":42,"column":null}},"29":{"start":{"line":43,"column":8},"end":{"line":43,"column":null}},"30":{"start":{"line":44,"column":8},"end":{"line":44,"column":null}},"31":{"start":{"line":45,"column":8},"end":{"line":45,"column":null}},"32":{"start":{"line":47,"column":8},"end":{"line":47,"column":null}},"33":{"start":{"line":52,"column":8},"end":{"line":52,"column":null}},"34":{"start":{"line":52,"column":52},"end":{"line":52,"column":70}},"35":{"start":{"line":53,"column":8},"end":{"line":53,"column":null}},"36":{"start":{"line":53,"column":53},"end":{"line":53,"column":69}},"37":{"start":{"line":54,"column":8},"end":{"line":54,"column":null}},"38":{"start":{"line":54,"column":53},"end":{"line":54,"column":72}},"39":{"start":{"line":55,"column":8},"end":{"line":55,"column":null}},"40":{"start":{"line":55,"column":53},"end":{"line":55,"column":68}},"41":{"start":{"line":56,"column":8},"end":{"line":56,"column":null}},"42":{"start":{"line":56,"column":53},"end":{"line":56,"column":68}},"43":{"start":{"line":57,"column":8},"end":{"line":60,"column":null}},"44":{"start":{"line":58,"column":12},"end":{"line":58,"column":null}},"45":{"start":{"line":59,"column":12},"end":{"line":59,"column":null}},"46":{"start":{"line":61,"column":8},"end":{"line":61,"column":null}},"47":{"start":{"line":61,"column":56},"end":{"line":61,"column":78}},"48":{"start":{"line":62,"column":8},"end":{"line":62,"column":null}},"49":{"start":{"line":62,"column":51},"end":{"line":62,"column":66}},"50":{"start":{"line":63,"column":8},"end":{"line":63,"column":null}},"51":{"start":{"line":63,"column":58},"end":{"line":63,"column":76}},"52":{"start":{"line":64,"column":8},"end":{"line":64,"column":null}},"53":{"start":{"line":64,"column":57},"end":{"line":64,"column":70}},"54":{"start":{"line":65,"column":8},"end":{"line":68,"column":null}},"55":{"start":{"line":66,"column":12},"end":{"line":66,"column":null}},"56":{"start":{"line":67,"column":12},"end":{"line":67,"column":null}},"57":{"start":{"line":69,"column":8},"end":{"line":71,"column":null}},"58":{"start":{"line":70,"column":12},"end":{"line":70,"column":33}},"59":{"start":{"line":72,"column":8},"end":{"line":78,"column":null}},"60":{"start":{"line":73,"column":29},"end":{"line":73,"column":59}},"61":{"start":{"line":74,"column":12},"end":{"line":77,"column":null}},"62":{"start":{"line":75,"column":30},"end":{"line":75,"column":73}},"63":{"start":{"line":76,"column":16},"end":{"line":76,"column":null}},"64":{"start":{"line":83,"column":27},"end":{"line":83,"column":41}},"65":{"start":{"line":84,"column":8},"end":{"line":84,"column":null}},"66":{"start":{"line":85,"column":8},"end":{"line":85,"column":null}},"67":{"start":{"line":86,"column":8},"end":{"line":86,"column":null}},"68":{"start":{"line":88,"column":26},"end":{"line":88,"column":36}},"69":{"start":{"line":89,"column":8},"end":{"line":91,"column":null}},"70":{"start":{"line":90,"column":12},"end":{"line":90,"column":null}},"71":{"start":{"line":93,"column":28},"end":{"line":93,"column":55}},"72":{"start":{"line":95,"column":8},"end":{"line":124,"column":null}},"73":{"start":{"line":96,"column":29},"end":{"line":98,"column":27}},"74":{"start":{"line":100,"column":12},"end":{"line":102,"column":null}},"75":{"start":{"line":101,"column":16},"end":{"line":101,"column":null}},"76":{"start":{"line":104,"column":29},"end":{"line":104,"column":57}},"77":{"start":{"line":105,"column":12},"end":{"line":105,"column":null}},"78":{"start":{"line":106,"column":12},"end":{"line":106,"column":null}},"79":{"start":{"line":107,"column":12},"end":{"line":107,"column":null}},"80":{"start":{"line":108,"column":12},"end":{"line":108,"column":null}},"81":{"start":{"line":109,"column":12},"end":{"line":112,"column":null}},"82":{"start":{"line":113,"column":12},"end":{"line":119,"column":null}},"83":{"start":{"line":116,"column":20},"end":{"line":116,"column":null}},"84":{"start":{"line":117,"column":34},"end":{"line":117,"column":77}},"85":{"start":{"line":118,"column":20},"end":{"line":118,"column":null}},"86":{"start":{"line":120,"column":12},"end":{"line":120,"column":null}},"87":{"start":{"line":121,"column":28},"end":{"line":121,"column":64}},"88":{"start":{"line":122,"column":12},"end":{"line":122,"column":null}},"89":{"start":{"line":123,"column":12},"end":{"line":123,"column":null}},"90":{"start":{"line":126,"column":8},"end":{"line":126,"column":null}},"91":{"start":{"line":128,"column":8},"end":{"line":137,"column":null}},"92":{"start":{"line":129,"column":12},"end":{"line":129,"column":null}},"93":{"start":{"line":130,"column":12},"end":{"line":130,"column":null}},"94":{"start":{"line":131,"column":12},"end":{"line":131,"column":null}},"95":{"start":{"line":132,"column":12},"end":{"line":132,"column":null}},"96":{"start":{"line":133,"column":15},"end":{"line":137,"column":null}},"97":{"start":{"line":134,"column":12},"end":{"line":134,"column":null}},"98":{"start":{"line":135,"column":12},"end":{"line":135,"column":null}},"99":{"start":{"line":136,"column":12},"end":{"line":136,"column":null}},"100":{"start":{"line":139,"column":8},"end":{"line":139,"column":null}},"101":{"start":{"line":140,"column":8},"end":{"line":140,"column":null}},"102":{"start":{"line":141,"column":8},"end":{"line":141,"column":null}},"103":{"start":{"line":142,"column":8},"end":{"line":142,"column":null}},"104":{"start":{"line":143,"column":8},"end":{"line":143,"column":null}},"105":{"start":{"line":144,"column":8},"end":{"line":144,"column":null}},"106":{"start":{"line":149,"column":8},"end":{"line":162,"column":null}},"107":{"start":{"line":150,"column":12},"end":{"line":150,"column":null}},"108":{"start":{"line":151,"column":12},"end":{"line":151,"column":null}},"109":{"start":{"line":152,"column":12},"end":{"line":152,"column":null}},"110":{"start":{"line":153,"column":12},"end":{"line":153,"column":null}},"111":{"start":{"line":154,"column":12},"end":{"line":154,"column":null}},"112":{"start":{"line":155,"column":15},"end":{"line":162,"column":null}},"113":{"start":{"line":156,"column":12},"end":{"line":156,"column":null}},"114":{"start":{"line":157,"column":12},"end":{"line":158,"column":null}},"115":{"start":{"line":159,"column":12},"end":{"line":159,"column":null}},"116":{"start":{"line":160,"column":12},"end":{"line":160,"column":null}},"117":{"start":{"line":161,"column":12},"end":{"line":161,"column":null}},"118":{"start":{"line":167,"column":8},"end":{"line":178,"column":null}},"119":{"start":{"line":168,"column":12},"end":{"line":168,"column":null}},"120":{"start":{"line":169,"column":12},"end":{"line":169,"column":null}},"121":{"start":{"line":170,"column":12},"end":{"line":170,"column":null}},"122":{"start":{"line":171,"column":12},"end":{"line":171,"column":null}},"123":{"start":{"line":172,"column":12},"end":{"line":172,"column":null}},"124":{"start":{"line":173,"column":12},"end":{"line":173,"column":null}},"125":{"start":{"line":173,"column":47},"end":{"line":173,"column":70}},"126":{"start":{"line":174,"column":12},"end":{"line":175,"column":null}},"127":{"start":{"line":176,"column":15},"end":{"line":178,"column":null}},"128":{"start":{"line":177,"column":12},"end":{"line":177,"column":null}},"129":{"start":{"line":183,"column":8},"end":{"line":185,"column":null}},"130":{"start":{"line":184,"column":12},"end":{"line":184,"column":null}},"131":{"start":{"line":186,"column":8},"end":{"line":186,"column":null}},"132":{"start":{"line":187,"column":8},"end":{"line":187,"column":null}},"133":{"start":{"line":188,"column":8},"end":{"line":188,"column":null}},"134":{"start":{"line":189,"column":8},"end":{"line":189,"column":null}},"135":{"start":{"line":190,"column":8},"end":{"line":190,"column":null}},"136":{"start":{"line":191,"column":8},"end":{"line":191,"column":null}},"137":{"start":{"line":192,"column":8},"end":{"line":194,"column":null}},"138":{"start":{"line":193,"column":12},"end":{"line":193,"column":null}},"139":{"start":{"line":195,"column":8},"end":{"line":195,"column":null}},"140":{"start":{"line":196,"column":8},"end":{"line":196,"column":null}},"141":{"start":{"line":197,"column":8},"end":{"line":203,"column":null}},"142":{"start":{"line":198,"column":12},"end":{"line":198,"column":null}},"143":{"start":{"line":199,"column":12},"end":{"line":199,"column":null}},"144":{"start":{"line":201,"column":12},"end":{"line":202,"column":null}},"145":{"start":{"line":208,"column":8},"end":{"line":210,"column":null}},"146":{"start":{"line":209,"column":12},"end":{"line":209,"column":null}},"147":{"start":{"line":211,"column":8},"end":{"line":211,"column":null}},"148":{"start":{"line":212,"column":8},"end":{"line":212,"column":null}},"149":{"start":{"line":213,"column":8},"end":{"line":213,"column":null}},"150":{"start":{"line":214,"column":8},"end":{"line":214,"column":null}},"151":{"start":{"line":215,"column":8},"end":{"line":215,"column":null}},"152":{"start":{"line":216,"column":8},"end":{"line":216,"column":null}},"153":{"start":{"line":217,"column":8},"end":{"line":219,"column":null}},"154":{"start":{"line":218,"column":12},"end":{"line":218,"column":null}},"155":{"start":{"line":220,"column":8},"end":{"line":220,"column":null}},"156":{"start":{"line":221,"column":8},"end":{"line":221,"column":null}},"157":{"start":{"line":222,"column":8},"end":{"line":228,"column":null}},"158":{"start":{"line":223,"column":12},"end":{"line":223,"column":null}},"159":{"start":{"line":224,"column":12},"end":{"line":224,"column":null}},"160":{"start":{"line":226,"column":12},"end":{"line":227,"column":null}},"161":{"start":{"line":233,"column":8},"end":{"line":236,"column":null}},"162":{"start":{"line":234,"column":12},"end":{"line":234,"column":null}},"163":{"start":{"line":235,"column":12},"end":{"line":235,"column":null}},"164":{"start":{"line":237,"column":32},"end":{"line":237,"column":42}},"165":{"start":{"line":238,"column":29},"end":{"line":238,"column":39}},"166":{"start":{"line":239,"column":32},"end":{"line":239,"column":62}},"167":{"start":{"line":240,"column":8},"end":{"line":242,"column":null}},"168":{"start":{"line":244,"column":8},"end":{"line":246,"column":null}},"169":{"start":{"line":248,"column":8},"end":{"line":248,"column":null}},"170":{"start":{"line":253,"column":8},"end":{"line":255,"column":null}},"171":{"start":{"line":254,"column":12},"end":{"line":254,"column":null}},"172":{"start":{"line":256,"column":24},"end":{"line":256,"column":48}},"173":{"start":{"line":257,"column":33},"end":{"line":257,"column":57}},"174":{"start":{"line":258,"column":8},"end":{"line":258,"column":null}},"175":{"start":{"line":263,"column":8},"end":{"line":265,"column":null}},"176":{"start":{"line":264,"column":12},"end":{"line":264,"column":null}},"177":{"start":{"line":267,"column":12},"end":{"line":267,"column":73}},"178":{"start":{"line":268,"column":8},"end":{"line":268,"column":null}},"179":{"start":{"line":269,"column":8},"end":{"line":271,"column":null}},"180":{"start":{"line":270,"column":12},"end":{"line":270,"column":null}},"181":{"start":{"line":276,"column":8},"end":{"line":276,"column":null}},"182":{"start":{"line":276,"column":43},"end":{"line":276,"column":66}},"183":{"start":{"line":277,"column":8},"end":{"line":277,"column":null}},"184":{"start":{"line":278,"column":8},"end":{"line":278,"column":null}},"185":{"start":{"line":279,"column":8},"end":{"line":279,"column":null}},"186":{"start":{"line":284,"column":8},"end":{"line":284,"column":null}},"187":{"start":{"line":285,"column":8},"end":{"line":285,"column":null}},"188":{"start":{"line":290,"column":8},"end":{"line":290,"column":null}},"189":{"start":{"line":291,"column":8},"end":{"line":291,"column":null}},"190":{"start":{"line":292,"column":8},"end":{"line":292,"column":null}},"191":{"start":{"line":297,"column":8},"end":{"line":299,"column":null}},"192":{"start":{"line":298,"column":12},"end":{"line":298,"column":null}},"193":{"start":{"line":300,"column":8},"end":{"line":300,"column":null}},"194":{"start":{"line":305,"column":8},"end":{"line":307,"column":null}},"195":{"start":{"line":306,"column":12},"end":{"line":306,"column":null}},"196":{"start":{"line":308,"column":8},"end":{"line":308,"column":null}},"197":{"start":{"line":309,"column":8},"end":{"line":309,"column":null}},"198":{"start":{"line":310,"column":8},"end":{"line":310,"column":null}},"199":{"start":{"line":311,"column":8},"end":{"line":311,"column":null}},"200":{"start":{"line":312,"column":8},"end":{"line":312,"column":null}},"201":{"start":{"line":313,"column":8},"end":{"line":313,"column":null}},"202":{"start":{"line":314,"column":8},"end":{"line":314,"column":null}},"203":{"start":{"line":315,"column":8},"end":{"line":315,"column":null}},"204":{"start":{"line":316,"column":8},"end":{"line":316,"column":null}},"205":{"start":{"line":317,"column":8},"end":{"line":317,"column":null}},"206":{"start":{"line":318,"column":8},"end":{"line":318,"column":null}},"207":{"start":{"line":319,"column":8},"end":{"line":319,"column":null}},"208":{"start":{"line":320,"column":8},"end":{"line":320,"column":null}},"209":{"start":{"line":320,"column":45},"end":{"line":320,"column":62}},"210":{"start":{"line":325,"column":8},"end":{"line":327,"column":null}},"211":{"start":{"line":326,"column":12},"end":{"line":326,"column":null}},"212":{"start":{"line":328,"column":8},"end":{"line":328,"column":null}},"213":{"start":{"line":329,"column":8},"end":{"line":329,"column":null}},"214":{"start":{"line":334,"column":8},"end":{"line":334,"column":null}},"215":{"start":{"line":335,"column":8},"end":{"line":352,"column":null}},"216":{"start":{"line":335,"column":21},"end":{"line":335,"column":22}},"217":{"start":{"line":336,"column":29},"end":{"line":336,"column":57}},"218":{"start":{"line":337,"column":12},"end":{"line":337,"column":null}},"219":{"start":{"line":338,"column":12},"end":{"line":338,"column":null}},"220":{"start":{"line":339,"column":12},"end":{"line":339,"column":null}},"221":{"start":{"line":340,"column":29},"end":{"line":340,"column":47}},"222":{"start":{"line":341,"column":12},"end":{"line":344,"column":null}},"223":{"start":{"line":345,"column":12},"end":{"line":350,"column":null}},"224":{"start":{"line":348,"column":20},"end":{"line":348,"column":null}},"225":{"start":{"line":349,"column":20},"end":{"line":349,"column":null}},"226":{"start":{"line":351,"column":12},"end":{"line":351,"column":null}},"227":{"start":{"line":353,"column":8},"end":{"line":353,"column":null}},"228":{"start":{"line":354,"column":8},"end":{"line":354,"column":null}},"229":{"start":{"line":355,"column":8},"end":{"line":355,"column":null}},"230":{"start":{"line":360,"column":22},"end":{"line":360,"column":66}},"231":{"start":{"line":361,"column":8},"end":{"line":363,"column":null}},"232":{"start":{"line":361,"column":21},"end":{"line":361,"column":22}},"233":{"start":{"line":362,"column":12},"end":{"line":362,"column":null}},"234":{"start":{"line":368,"column":22},"end":{"line":368,"column":66}},"235":{"start":{"line":369,"column":8},"end":{"line":376,"column":null}},"236":{"start":{"line":370,"column":12},"end":{"line":370,"column":null}},"237":{"start":{"line":370,"column":54},"end":{"line":370,"column":77}},"238":{"start":{"line":371,"column":12},"end":{"line":371,"column":null}},"239":{"start":{"line":371,"column":53},"end":{"line":371,"column":75}},"240":{"start":{"line":372,"column":12},"end":{"line":372,"column":null}},"241":{"start":{"line":372,"column":49},"end":{"line":372,"column":67}},"242":{"start":{"line":373,"column":12},"end":{"line":373,"column":null}},"243":{"start":{"line":373,"column":54},"end":{"line":373,"column":77}},"244":{"start":{"line":374,"column":12},"end":{"line":374,"column":null}},"245":{"start":{"line":374,"column":54},"end":{"line":374,"column":77}},"246":{"start":{"line":375,"column":12},"end":{"line":375,"column":null}},"247":{"start":{"line":375,"column":52},"end":{"line":375,"column":73}},"248":{"start":{"line":381,"column":8},"end":{"line":381,"column":null}},"249":{"start":{"line":382,"column":8},"end":{"line":382,"column":null}},"250":{"start":{"line":383,"column":8},"end":{"line":383,"column":null}},"251":{"start":{"line":388,"column":8},"end":{"line":388,"column":null}},"252":{"start":{"line":389,"column":8},"end":{"line":389,"column":null}},"253":{"start":{"line":394,"column":8},"end":{"line":394,"column":null}},"254":{"start":{"line":399,"column":8},"end":{"line":399,"column":null}},"255":{"start":{"line":404,"column":8},"end":{"line":404,"column":null}},"256":{"start":{"line":405,"column":8},"end":{"line":405,"column":null}},"257":{"start":{"line":410,"column":8},"end":{"line":410,"column":null}},"258":{"start":{"line":411,"column":27},"end":{"line":411,"column":57}},"259":{"start":{"line":412,"column":8},"end":{"line":414,"column":null}},"260":{"start":{"line":413,"column":12},"end":{"line":413,"column":null}},"261":{"start":{"line":415,"column":26},"end":{"line":415,"column":71}},"262":{"start":{"line":416,"column":8},"end":{"line":418,"column":null}},"263":{"start":{"line":417,"column":12},"end":{"line":417,"column":null}},"264":{"start":{"line":420,"column":26},"end":{"line":420,"column":69}},"265":{"start":{"line":421,"column":8},"end":{"line":421,"column":null}},"266":{"start":{"line":423,"column":30},"end":{"line":423,"column":72}},"267":{"start":{"line":424,"column":8},"end":{"line":424,"column":null}},"268":{"start":{"line":426,"column":30},"end":{"line":426,"column":74}},"269":{"start":{"line":427,"column":8},"end":{"line":427,"column":null}},"270":{"start":{"line":429,"column":8},"end":{"line":441,"column":null}},"271":{"start":{"line":430,"column":12},"end":{"line":430,"column":null}},"272":{"start":{"line":431,"column":15},"end":{"line":441,"column":null}},"273":{"start":{"line":435,"column":12},"end":{"line":435,"column":null}},"274":{"start":{"line":436,"column":15},"end":{"line":441,"column":null}},"275":{"start":{"line":440,"column":12},"end":{"line":440,"column":null}},"276":{"start":{"line":443,"column":8},"end":{"line":443,"column":null}},"277":{"start":{"line":444,"column":8},"end":{"line":444,"column":null}},"278":{"start":{"line":445,"column":8},"end":{"line":445,"column":null}},"279":{"start":{"line":450,"column":8},"end":{"line":452,"column":null}},"280":{"start":{"line":451,"column":12},"end":{"line":451,"column":null}},"281":{"start":{"line":454,"column":8},"end":{"line":454,"column":null}},"282":{"start":{"line":456,"column":8},"end":{"line":456,"column":null}},"283":{"start":{"line":457,"column":8},"end":{"line":457,"column":null}},"284":{"start":{"line":458,"column":8},"end":{"line":458,"column":null}},"285":{"start":{"line":460,"column":8},"end":{"line":474,"column":null}},"286":{"start":{"line":461,"column":12},"end":{"line":461,"column":null}},"287":{"start":{"line":462,"column":12},"end":{"line":462,"column":null}},"288":{"start":{"line":463,"column":12},"end":{"line":463,"column":null}},"289":{"start":{"line":464,"column":12},"end":{"line":464,"column":null}},"290":{"start":{"line":465,"column":12},"end":{"line":465,"column":null}},"291":{"start":{"line":466,"column":12},"end":{"line":466,"column":null}},"292":{"start":{"line":467,"column":12},"end":{"line":467,"column":null}},"293":{"start":{"line":468,"column":12},"end":{"line":468,"column":null}},"294":{"start":{"line":469,"column":12},"end":{"line":469,"column":null}},"295":{"start":{"line":470,"column":12},"end":{"line":470,"column":null}},"296":{"start":{"line":471,"column":12},"end":{"line":471,"column":null}},"297":{"start":{"line":472,"column":12},"end":{"line":472,"column":null}},"298":{"start":{"line":473,"column":12},"end":{"line":473,"column":null}},"299":{"start":{"line":476,"column":8},"end":{"line":486,"column":null}},"300":{"start":{"line":477,"column":12},"end":{"line":477,"column":null}},"301":{"start":{"line":478,"column":15},"end":{"line":486,"column":null}},"302":{"start":{"line":479,"column":12},"end":{"line":481,"column":null}},"303":{"start":{"line":480,"column":16},"end":{"line":480,"column":null}},"304":{"start":{"line":482,"column":12},"end":{"line":482,"column":null}},"305":{"start":{"line":483,"column":12},"end":{"line":485,"column":null}},"306":{"start":{"line":484,"column":16},"end":{"line":484,"column":null}},"307":{"start":{"line":488,"column":8},"end":{"line":488,"column":null}},"308":{"start":{"line":489,"column":8},"end":{"line":489,"column":null}},"309":{"start":{"line":490,"column":8},"end":{"line":490,"column":null}},"310":{"start":{"line":495,"column":8},"end":{"line":497,"column":null}},"311":{"start":{"line":496,"column":12},"end":{"line":496,"column":null}},"312":{"start":{"line":498,"column":8},"end":{"line":498,"column":null}},"313":{"start":{"line":499,"column":8},"end":{"line":499,"column":null}},"314":{"start":{"line":504,"column":8},"end":{"line":507,"column":null}},"315":{"start":{"line":505,"column":12},"end":{"line":505,"column":null}},"316":{"start":{"line":506,"column":12},"end":{"line":506,"column":null}},"317":{"start":{"line":508,"column":8},"end":{"line":508,"column":null}},"318":{"start":{"line":513,"column":8},"end":{"line":515,"column":null}},"319":{"start":{"line":514,"column":12},"end":{"line":514,"column":null}},"320":{"start":{"line":517,"column":34},"end":{"line":517,"column":47}},"321":{"start":{"line":518,"column":26},"end":{"line":518,"column":27}},"322":{"start":{"line":519,"column":26},"end":{"line":519,"column":43}},"323":{"start":{"line":520,"column":26},"end":{"line":520,"column":29}},"324":{"start":{"line":523,"column":12},"end":{"line":525,"column":33}},"325":{"start":{"line":527,"column":8},"end":{"line":529,"column":null}},"326":{"start":{"line":528,"column":25},"end":{"line":528,"column":73}},"327":{"start":{"line":531,"column":8},"end":{"line":531,"column":null}},"328":{"start":{"line":532,"column":8},"end":{"line":532,"column":null}},"329":{"start":{"line":534,"column":8},"end":{"line":539,"column":null}},"330":{"start":{"line":534,"column":21},"end":{"line":534,"column":22}},"331":{"start":{"line":535,"column":31},"end":{"line":535,"column":76}},"332":{"start":{"line":536,"column":22},"end":{"line":536,"column":35}},"333":{"start":{"line":537,"column":22},"end":{"line":537,"column":41}},"334":{"start":{"line":538,"column":12},"end":{"line":538,"column":null}},"335":{"start":{"line":541,"column":8},"end":{"line":541,"column":null}},"336":{"start":{"line":541,"column":58},"end":{"line":541,"column":71}},"337":{"start":{"line":546,"column":8},"end":{"line":548,"column":null}},"338":{"start":{"line":547,"column":12},"end":{"line":547,"column":null}},"339":{"start":{"line":550,"column":34},"end":{"line":550,"column":47}},"340":{"start":{"line":551,"column":26},"end":{"line":551,"column":27}},"341":{"start":{"line":552,"column":26},"end":{"line":552,"column":43}},"342":{"start":{"line":554,"column":8},"end":{"line":554,"column":null}},"343":{"start":{"line":555,"column":8},"end":{"line":555,"column":null}},"344":{"start":{"line":557,"column":8},"end":{"line":560,"column":null}},"345":{"start":{"line":557,"column":21},"end":{"line":557,"column":22}},"346":{"start":{"line":558,"column":22},"end":{"line":558,"column":35}},"347":{"start":{"line":559,"column":12},"end":{"line":559,"column":null}},"348":{"start":{"line":565,"column":8},"end":{"line":565,"column":null}},"349":{"start":{"line":570,"column":8},"end":{"line":570,"column":null}},"350":{"start":{"line":571,"column":8},"end":{"line":571,"column":null}}},"fnMap":{"0":{"name":"(anonymous_0)","decl":{"start":{"line":9,"column":4},"end":{"line":9,"column":15}},"loc":{"start":{"line":9,"column":18},"end":{"line":48,"column":null}},"line":9},"1":{"name":"(anonymous_1)","decl":{"start":{"line":51,"column":4},"end":{"line":51,"column":14}},"loc":{"start":{"line":51,"column":17},"end":{"line":79,"column":null}},"line":51},"2":{"name":"(anonymous_2)","decl":{"start":{"line":52,"column":46},"end":{"line":52,"column":47}},"loc":{"start":{"line":52,"column":52},"end":{"line":52,"column":70}},"line":52},"3":{"name":"(anonymous_3)","decl":{"start":{"line":53,"column":47},"end":{"line":53,"column":48}},"loc":{"start":{"line":53,"column":53},"end":{"line":53,"column":69}},"line":53},"4":{"name":"(anonymous_4)","decl":{"start":{"line":54,"column":47},"end":{"line":54,"column":48}},"loc":{"start":{"line":54,"column":53},"end":{"line":54,"column":72}},"line":54},"5":{"name":"(anonymous_5)","decl":{"start":{"line":55,"column":47},"end":{"line":55,"column":48}},"loc":{"start":{"line":55,"column":53},"end":{"line":55,"column":68}},"line":55},"6":{"name":"(anonymous_6)","decl":{"start":{"line":56,"column":47},"end":{"line":56,"column":48}},"loc":{"start":{"line":56,"column":53},"end":{"line":56,"column":68}},"line":56},"7":{"name":"(anonymous_7)","decl":{"start":{"line":57,"column":54},"end":{"line":57,"column":55}},"loc":{"start":{"line":57,"column":60},"end":{"line":60,"column":9}},"line":57},"8":{"name":"(anonymous_8)","decl":{"start":{"line":61,"column":50},"end":{"line":61,"column":51}},"loc":{"start":{"line":61,"column":56},"end":{"line":61,"column":78}},"line":61},"9":{"name":"(anonymous_9)","decl":{"start":{"line":62,"column":45},"end":{"line":62,"column":46}},"loc":{"start":{"line":62,"column":51},"end":{"line":62,"column":66}},"line":62},"10":{"name":"(anonymous_10)","decl":{"start":{"line":63,"column":52},"end":{"line":63,"column":53}},"loc":{"start":{"line":63,"column":58},"end":{"line":63,"column":76}},"line":63},"11":{"name":"(anonymous_11)","decl":{"start":{"line":64,"column":50},"end":{"line":64,"column":51}},"loc":{"start":{"line":64,"column":57},"end":{"line":64,"column":70}},"line":64},"12":{"name":"(anonymous_12)","decl":{"start":{"line":65,"column":49},"end":{"line":65,"column":50}},"loc":{"start":{"line":65,"column":55},"end":{"line":68,"column":9}},"line":65},"13":{"name":"(anonymous_13)","decl":{"start":{"line":69,"column":54},"end":{"line":69,"column":55}},"loc":{"start":{"line":70,"column":12},"end":{"line":70,"column":33}},"line":70},"14":{"name":"(anonymous_14)","decl":{"start":{"line":72,"column":48},"end":{"line":72,"column":49}},"loc":{"start":{"line":72,"column":55},"end":{"line":78,"column":9}},"line":72},"15":{"name":"(anonymous_15)","decl":{"start":{"line":82,"column":4},"end":{"line":82,"column":15}},"loc":{"start":{"line":82,"column":18},"end":{"line":145,"column":null}},"line":82},"16":{"name":"(anonymous_16)","decl":{"start":{"line":115,"column":43},"end":{"line":115,"column":44}},"loc":{"start":{"line":115,"column":50},"end":{"line":119,"column":17}},"line":115},"17":{"name":"(anonymous_17)","decl":{"start":{"line":148,"column":4},"end":{"line":148,"column":13}},"loc":{"start":{"line":148,"column":16},"end":{"line":163,"column":null}},"line":148},"18":{"name":"(anonymous_18)","decl":{"start":{"line":166,"column":4},"end":{"line":166,"column":16}},"loc":{"start":{"line":166,"column":19},"end":{"line":179,"column":null}},"line":166},"19":{"name":"(anonymous_19)","decl":{"start":{"line":173,"column":38},"end":{"line":173,"column":39}},"loc":{"start":{"line":173,"column":47},"end":{"line":173,"column":70}},"line":173},"20":{"name":"(anonymous_20)","decl":{"start":{"line":182,"column":4},"end":{"line":182,"column":12}},"loc":{"start":{"line":182,"column":15},"end":{"line":204,"column":null}},"line":182},"21":{"name":"(anonymous_21)","decl":{"start":{"line":207,"column":4},"end":{"line":207,"column":12}},"loc":{"start":{"line":207,"column":15},"end":{"line":229,"column":null}},"line":207},"22":{"name":"(anonymous_22)","decl":{"start":{"line":232,"column":4},"end":{"line":232,"column":19}},"loc":{"start":{"line":232,"column":22},"end":{"line":249,"column":null}},"line":232},"23":{"name":"(anonymous_23)","decl":{"start":{"line":252,"column":4},"end":{"line":252,"column":14}},"loc":{"start":{"line":252,"column":24},"end":{"line":259,"column":null}},"line":252},"24":{"name":"(anonymous_24)","decl":{"start":{"line":262,"column":4},"end":{"line":262,"column":9}},"loc":{"start":{"line":262,"column":13},"end":{"line":272,"column":null}},"line":262},"25":{"name":"(anonymous_25)","decl":{"start":{"line":275,"column":4},"end":{"line":275,"column":23}},"loc":{"start":{"line":275,"column":26},"end":{"line":280,"column":null}},"line":275},"26":{"name":"(anonymous_26)","decl":{"start":{"line":276,"column":34},"end":{"line":276,"column":35}},"loc":{"start":{"line":276,"column":43},"end":{"line":276,"column":66}},"line":276},"27":{"name":"(anonymous_27)","decl":{"start":{"line":283,"column":4},"end":{"line":283,"column":15}},"loc":{"start":{"line":283,"column":25},"end":{"line":286,"column":null}},"line":283},"28":{"name":"(anonymous_28)","decl":{"start":{"line":289,"column":4},"end":{"line":289,"column":18}},"loc":{"start":{"line":289,"column":21},"end":{"line":293,"column":null}},"line":289},"29":{"name":"(anonymous_29)","decl":{"start":{"line":296,"column":4},"end":{"line":296,"column":19}},"loc":{"start":{"line":296,"column":22},"end":{"line":301,"column":null}},"line":296},"30":{"name":"(anonymous_30)","decl":{"start":{"line":304,"column":4},"end":{"line":304,"column":15}},"loc":{"start":{"line":304,"column":23},"end":{"line":321,"column":null}},"line":304},"31":{"name":"(anonymous_31)","decl":{"start":{"line":320,"column":39},"end":{"line":320,"column":40}},"loc":{"start":{"line":320,"column":45},"end":{"line":320,"column":62}},"line":320},"32":{"name":"(anonymous_32)","decl":{"start":{"line":324,"column":4},"end":{"line":324,"column":18}},"loc":{"start":{"line":324,"column":21},"end":{"line":330,"column":null}},"line":324},"33":{"name":"(anonymous_33)","decl":{"start":{"line":333,"column":4},"end":{"line":333,"column":18}},"loc":{"start":{"line":333,"column":21},"end":{"line":356,"column":null}},"line":333},"34":{"name":"(anonymous_34)","decl":{"start":{"line":347,"column":43},"end":{"line":347,"column":44}},"loc":{"start":{"line":347,"column":50},"end":{"line":350,"column":17}},"line":347},"35":{"name":"(anonymous_35)","decl":{"start":{"line":359,"column":4},"end":{"line":359,"column":25}},"loc":{"start":{"line":359,"column":28},"end":{"line":364,"column":null}},"line":359},"36":{"name":"(anonymous_36)","decl":{"start":{"line":367,"column":4},"end":{"line":367,"column":18}},"loc":{"start":{"line":367,"column":21},"end":{"line":377,"column":null}},
[...]
olumn":4},"end":{"line":33,"column":17}},"loc":{"start":{"line":33,"column":27},"end":{"line":35,"column":5}},"line":33},"5":{"name":"(anonymous_5)","decl":{"start":{"line":37,"column":4},"end":{"line":37,"column":12}},"loc":{"start":{"line":37,"column":21},"end":{"line":39,"column":5}},"line":37},"6":{"name":"(anonymous_6)","decl":{"start":{"line":41,"column":4},"end":{"line":41,"column":14}},"loc":{"start":{"line":41,"column":31},"end":{"line":45,"column":5}},"line":41},"7":{"name":"(anonymous_7)","decl":{"start":{"line":47,"column":4},"end":{"line":47,"column":11}},"loc":{"start":{"line":47,"column":29},"end":{"line":49,"column":5}},"line":47},"8":{"name":"(anonymous_8)","decl":{"start":{"line":51,"column":4},"end":{"line":51,"column":8}},"loc":{"start":{"line":51,"column":25},"end":{"line":53,"column":5}},"line":51},"9":{"name":"(anonymous_9)","decl":{"start":{"line":55,"column":4},"end":{"line":55,"column":7}},"loc":{"start":{"line":55,"column":55},"end":{"line":61,"column":5}},"line":55},"10":{"name":"(anonymous_10)","decl":{"start":{"line":63,"column":4},"end":{"line":63,"column":8}},"loc":{"start":{"line":63,"column":26},"end":{"line":65,"column":5}},"line":63},"11":{"name":"(anonymous_11)","decl":{"start":{"line":67,"column":4},"end":{"line":67,"column":15}},"loc":{"start":{"line":67,"column":28},"end":{"line":72,"column":5}},"line":67},"12":{"name":"(anonymous_12)","decl":{"start":{"line":74,"column":4},"end":{"line":74,"column":19}},"loc":{"start":{"line":74,"column":59},"end":{"line":84,"column":5}},"line":74},"13":{"name":"(anonymous_13)","decl":{"start":{"line":86,"column":4},"end":{"line":86,"column":17}},"loc":{"start":{"line":86,"column":27},"end":{"line":88,"column":5}},"line":86},"14":{"name":"(anonymous_14)","decl":{"start":{"line":90,"column":4},"end":{"line":90,"column":13}},"loc":{"start":{"line":90,"column":24},"end":{"line":92,"column":5}},"line":90},"15":{"name":"(anonymous_15)","decl":{"start":{"line":94,"column":4},"end":{"line":94,"column":15}},"loc":{"start":{"line":94,"column":26},"end":{"line":96,"column":5}},"line":94},"16":{"name":"(anonymous_16)","decl":{"start":{"line":98,"column":4},"end":{"line":98,"column":18}},"loc":{"start":{"line":98,"column":43},"end":{"line":103,"column":5}},"line":98},"17":{"name":"(anonymous_17)","decl":{"start":{"line":105,"column":4},"end":{"line":105,"column":17}},"loc":{"start":{"line":105,"column":26},"end":{"line":110,"column":5}},"line":105},"18":{"name":"(anonymous_18)","decl":{"start":{"line":112,"column":4},"end":{"line":112,"column":16}},"loc":{"start":{"line":112,"column":33},"end":{"line":114,"column":5}},"line":112},"19":{"name":"(anonymous_19)","decl":{"start":{"line":116,"column":4},"end":{"line":116,"column":17}},"loc":{"start":{"line":116,"column":33},"end":{"line":118,"column":5}},"line":116}},"branchMap":{"0":{"loc":{"start":{"line":19,"column":46},"end":{"line":19,"column":57}},"type":"default-arg","locations":[{"start":{"line":19,"column":55},"end":{"line":19,"column":57}}],"line":19},"1":{"loc":{"start":{"line":48,"column":15},"end":{"line":48,"column":73}},"type":"binary-expr","locations":[{"start":{"line":48,"column":15},"end":{"line":48,"column":42}},{"start":{"line":48,"column":46},"end":{"line":48,"column":73}}],"line":48},"2":{"loc":{"start":{"line":69,"column":12},"end":{"line":70,"column":null}},"type":"binary-expr","locations":[{"start":{"line":69,"column":12},"end":{"line":69,"column":56}},{"start":{"line":70,"column":12},"end":{"line":70,"column":null}}],"line":69},"3":{"loc":{"start":{"line":74,"column":46},"end":{"line":74,"column":57}},"type":"default-arg","locations":[{"start":{"line":74,"column":55},"end":{"line":74,"column":57}}],"line":74},"4":{"loc":{"start":{"line":100,"column":12},"end":{"line":101,"column":null}},"type":"binary-expr","locations":[{"start":{"line":100,"column":12},"end":{"line":100,"column":56}},{"start":{"line":101,"column":12},"end":{"line":101,"column":null}}],"line":100},"5":{"loc":{"start":{"line":107,"column":12},"end":{"line":108,"column":null}},"type":"binary-expr","locations":[{"start":{"line":107,"column":12},"end":{"line":107,"column":77}},{"start":{"line":108,"column":12},"end":{"line":108,"column":null}}],"line":107}},"s":{"0":3,"1":3,"2":2,"3":6,"4":3,"5":3,"6":3,"7":4,"8":6,"9":10,"10":10,"11":10,"12":15,"13":6,"14":3,"15":6,"16":5,"17":3,"18":3,"19":3,"20":3,"21":500,"22":500,"23":6,"24":2,"25":3,"26":2},"f":{"0":3,"1":2,"2":6,"3":3,"4":4,"5":6,"6":10,"7":15,"8":6,"9":3,"10":6,"11":5,"12":3,"13":3,"14":500,"15":500,"16":6,"17":2,"18":3,"19":2},"b":{"0":[3],"1":[15,14],"2":[5,4],"3":[3],"4":[6,4],"5":[2,1]},"meta":{"lastBranch":6,"lastFunction":20,"lastStatement":27,"seen":{"s:2:14:119:1":0,"f:3:4:3:19":0,"s:4:8:4:Infinity":1,"f:7:4:7:24":1,"s:8:8:8:Infinity":2,"f:11:4:11:9":2,"s:12:8:15:Infinity":3,"f:19:4:19:15":3,"b:19:55:19:57":0,"s:20:8:24:Infinity":4,"s:25:8:29:Infinity":5,"s:30:8:30:Infinity":6,"f:33:4:33:17":4,"s:34:8:34:Infinity":7,"f:37:4:37:12":5,"s:38:8:38:Infinity":8,"f:41:4:41:14":6,"s:42:19:42:26":9,"s:43:19:43:26":10,"s:44:8:44:Infinity":11,"f:47:4:47:11":7,"s:48:8:48:Infinity":12,"b:48:15:48:42:48:46:48:73":1,"f:51:4:51:8":8,"s:52:8:52:Infinity":13,"f:55:4:55:7":9,"s:56:8:60:Infinity":14,"f:63:4:63:8":10,"s:64:8:64:Infinity":15,"f:67:4:67:15":11,"s:68:8:71:Infinity":16,"b:69:12:69:56:70:12:70:Infinity":2,"f:74:4:74:19":12,"b:74:55:74:57":3,"s:75:8:78:Infinity":17,"s:79:8:82:Infinity":18,"s:83:8:83:Infinity":19,"f:86:4:86:17":13,"s:87:8:87:Infinity":20,"f:90:4:90:13":14,"s:91:8:91:Infinity":21,"f:94:4:94:15":15,"s:95:8:95:Infinity":22,"f:98:4:98:18":16,"s:99:8:102:Infinity":23,"b:100:12:100:56:101:12:101:Infinity":4,"f:105:4:105:17":17,"s:106:8:109:Infinity":24,"b:107:12:107:77:108:12:108:Infinity":5,"f:112:4:112:16":18,"s:113:8:113:Infinity":25,"f:116:4:116:17":19,"s:117:8:117:Infinity":26}}}
,"/Users/rogerioromao/dev/personal/spiral/src/utils/randomUtils.js": {"path":"/Users/rogerioromao/dev/personal/spiral/src/utils/randomUtils.js","statementMap":{"0":{"start":{"line":15,"column":16},"end":{"line":15,"column":61}},"1":{"start":{"line":16,"column":4},"end":{"line":16,"column":null}},"2":{"start":{"line":28,"column":14},"end":{"line":28,"column":38}},"3":{"start":{"line":29,"column":14},"end":{"line":29,"column":38}},"4":{"start":{"line":30,"column":14},"end":{"line":30,"column":38}},"5":{"start":{"line":31,"column":14},"end":{"line":31,"column":71}},"6":{"start":{"line":34,"column":4},"end":{"line":39,"column":null}},"7":{"start":{"line":38,"column":8},"end":{"line":38,"column":null}},"8":{"start":{"line":41,"column":4},"end":{"line":41,"column":null}},"9":{"start":{"line":61,"column":20},"end":{"line":61,"column":22}},"10":{"start":{"line":62,"column":4},"end":{"line":64,"column":null}},"11":{"start":{"line":62,"column":17},"end":{"line":62,"column":18}},"12":{"start":{"line":63,"column":8},"end":{"line":63,"column":null}},"13":{"start":{"line":65,"column":4},"end":{"line":65,"column":null}},"14":{"start":{"line":77,"column":20},"end":{"line":77,"column":51}},"15":{"start":{"line":78,"column":20},"end":{"line":78,"column":51}},"16":{"start":{"line":79,"column":20},"end":{"line":79,"column":51}},"17":{"start":{"line":81,"column":22},"end":{"line":81,"column":47}},"18":{"start":{"line":83,"column":20},"end":{"line":83,"column":22}},"19":{"start":{"line":84,"column":4},"end":{"line":114,"column":null}},"20":{"start":{"line":84,"column":17},"end":{"line":84,"column":18}},"21":{"start":{"line":85,"column":18},"end":{"line":85,"column":25}},"22":{"start":{"line":86,"column":18},"end":{"line":86,"column":25}},"23":{"start":{"line":87,"column":18},"end":{"line":87,"column":25}},"24":{"start":{"line":88,"column":20},"end":{"line":88,"column":29}},"25":{"start":{"line":90,"column":8},"end":{"line":109,"column":null}},"26":{"start":{"line":91,"column":25},"end":{"line":91,"column":65}},"27":{"start":{"line":92,"column":12},"end":{"line":92,"column":null}},"28":{"start":{"line":93,"column":15},"end":{"line":109,"column":null}},"29":{"start":{"line":94,"column":12},"end":{"line":94,"column":null}},"30":{"start":{"line":95,"column":15},"end":{"line":109,"column":null}},"31":{"start":{"line":96,"column":12},"end":{"line":96,"column":null}},"32":{"start":{"line":97,"column":15},"end":{"line":109,"column":null}},"33":{"start":{"line":99,"column":25},"end":{"line":99,"column":36}},"34":{"start":{"line":100,"column":12},"end":{"line":100,"column":null}},"35":{"start":{"line":101,"column":12},"end":{"line":103,"column":null}},"36":{"start":{"line":102,"column":16},"end":{"line":102,"column":null}},"37":{"start":{"line":104,"column":15},"end":{"line":109,"column":null}},"38":{"start":{"line":105,"column":12},"end":{"line":105,"column":null}},"39":{"start":{"line":106,"column":12},"end":{"line":106,"column":null}},"40":{"start":{"line":107,"column":12},"end":{"line":107,"column":null}},"41":{"start":{"line":108,"column":12},"end":{"line":108,"column":null}},"42":{"start":{"line":111,"column":8},"end":{"line":113,"column":null}},"43":{"start":{"line":115,"column":4},"end":{"line":115,"column":null}}},"fnMap":{"0":{"name":"random","decl":{"start":{"line":14,"column":16},"end":{"line":14,"column":22}},"loc":{"start":{"line":14,"column":33},"end":{"line":17,"column":null}},"line":14},"1":{"name":"randomColor","decl":{"start":{"line":27,"column":16},"end":{"line":27,"column":27}},"loc":{"start":{"line":27,"column":72},"end":{"line":42,"column":null}},"line":27},"2":{"name":"generateRGBAPalette","decl":{"start":{"line":54,"column":16},"end":{"line":54,"column":35}},"loc":{"start":{"line":60,"column":2},"end":{"line":66,"column":null}},"line":60},"3":{"name":"generateHSLAPalette","decl":{"start":{"line":75,"column":16},"end":{"line":75,"column":35}},"loc":{"start":{"line":75,"column":73},"end":{"line":116,"column":null}},"line":75}},"branchMap":{"0":{"loc":{"start":{"line":27,"column":28},"end":{"line":27,"column":36}},"type":"default-arg","locations":[{"start":{"line":27,"column":35},"end":{"line":27,"column":36}}],"line":27},"1":{"loc":{"start":{"line":27,"column":38},"end":{"line":27,"column":48}},"type":"default-arg","locations":[{"start":{"line":27,"column":45},"end":{"line":27,"column":48}}],"line":27},"2":{"loc":{"start":{"line":27,"column":50},"end":{"line":27,"column":60}},"type":"default-arg","locations":[{"start":{"line":27,"column":57},"end":{"line":27,"column":60}}],"line":27},"3":{"loc":{"start":{"line":27,"column":62},"end":{"line":27,"column":70}},"type":"default-arg","locations":[{"start":{"line":27,"column":69},"end":{"line":27,"column":70}}],"line":27},"4":{"loc":{"start":{"line":34,"column":4},"end":{"line":39,"column":null}},"type":"if","locations":[{"start":{"line":34,"column":4},"end":{"line":39,"column":null}},{"start":{},"end":{}}],"line":34},"5":{"loc":{"start":{"line":35,"column":8},"end":{"line":36,"column":null}},"type":"binary-expr","locations":[{"start":{"line":35,"column":8},"end":{"line":35,"column":22}},{"start":{"line":36,"column":8},"end":{"line":36,"column":null}}],"line":35},"6":{"loc":{"start":{"line":56,"column":4},"end":{"line":56,"column":12}},"type":"default-arg","locations":[{"start":{"line":56,"column":11},"end":{"line":56,"column":12}}],"line":56},"7":{"loc":{"start":{"line":57,"column":4},"end":{"line":57,"column":14}},"type":"default-arg","locations":[{"start":{"line":57,"column":11},"end":{"line":57,"column":14}}],"line":57},"8":{"loc":{"start":{"line":58,"column":4},"end":{"line":58,"column":14}},"type":"default-arg","locations":[{"start":{"line":58,"column":11},"end":{"line":58,"column":14}}],"line":58},"9":{"loc":{"start":{"line":59,"column":4},"end":{"line":59,"column":12}},"type":"default-arg","locations":[{"start":{"line":59,"column":11},"end":{"line":59,"column":12}}],"line":59},"10":{"loc":{"start":{"line":75,"column":43},"end":{"line":75,"column":55}},"type":"default-arg","locations":[{"start":{"line":75,"column":50},"end":{"line":75,"column":55}}],"line":75},"11":{"loc":{"start":{"line":75,"column":57},"end":{"line":75,"column":71}},"type":"default-arg","locations":[{"start":{"line":75,"column":67},"end":{"line":75,"column":71}}],"line":75},"12":{"loc":{"start":{"line":90,"column":8},"end":{"line":109,"column":null}},"type":"if","locations":[{"start":{"line":90,"column":8},"end":{"line":109,"column":null}},{"start":{"line":93,"column":15},"end":{"line":109,"column":null}}],"line":90},"13":{"loc":{"start":{"line":91,"column":25},"end":{"line":91,"column":65}},"type":"cond-expr","locations":[{"start":{"line":91,"column":44},"end":{"line":91,"column":55}},{"start":{"line":91,"column":58},"end":{"line":91,"column":65}}],"line":91},"14":{"loc":{"start":{"line":93,"column":15},"end":{"line":109,"column":null}},"type":"if","locations":[{"start":{"line":93,"column":15},"end":{"line":109,"column":null}},{"start":{"line":95,"column":15},"end":{"line":109,"column":null}}],"line":93},"15":{"loc":{"start":{"line":95,"column":15},"end":{"line":109,"column":null}},"type":"if","locations":[{"start":{"line":95,"column":15},"end":{"line":109,"column":null}},{"start":{"line":97,"column":15},"end":{"line":109,"column":null}}],"line":95},"16":{"loc":{"start":{"line":97,"column":15},"end":{"line":109,"column":null}},"type":"if","locations":[{"start":{"line":97,"column":15},"end":{"line":109,"column":null}},{"start":{"line":104,"column":15},"end":{"line":109,"column":null}}],"line":97},"17":{"loc":{"start":{"line":101,"column":12},"end":{"line":103,"column":null}},"type":"if","locations":[{"start":{"line":101,"column":12},"end":{"line":103,"column":null}},{"start":{},"end":{}}],"line":101},"18":{"loc":{"start":{"line":104,"column":15},"end":{"line":109,"column":null}},"type":"if","locations":[{"start":{"line":104,"column":15},"end":{"line":109,"column":null}},{"start":{},"end":{}}],"line":104}},"s":{"0":572,"1":572,"2":20,"3":20,"4":20,"5":20,"6":20,"7":1,"8":19,"9":3,"10":3,"11":3,"12":8,"13":3,"14":7,"15":7,"16":7,"17":7,"18":7,"19":7,"20":7,"21":26,"22":26,"23":26,"24":26,"25":26,"26":14,"27":14,"28":12,"29":3,"30":9,"31":3,"32":6,"33":3,"34":3,"35":3,"36":1,"37":3,"38":3,"39":3,"40":3,"41":3,"42":26,"43":7},"f":{"0":572,"1":20,"2":3,"3":7},"b":{"0":[20],"1":[20],"2":[20],"3":[20],"4":[1,19],"5":[20,2],"6":[3],"7":[3],"8":[3],"9":[3],"10":[7],"11":[7],"12":[14,12],"13":[10,4],"14":[3,9],"15":[3,6],"16":[3,3],"17":[1,2],"18":[3,0]},"meta":{"lastBranch":19,"lastFunction":4,"lastStatement":44,"seen":{"f:14:16:14:22":0,"s:15:16:15:61":0,"s:16:4:16:Infinity":1,"f:27:16:27:27":1,"b:27:35:27:36":0,"b:27:45:27:48":1,"b:27:57:27:60":2,"b:27:69:27:70":3,"s:28:14:28:38":2,"s:29:14:29:38":3,"s:30:14:30:38":4,"s:31:14:31:71":5,"b:34:4:39:Infinity:undefined:undefined:undefined:undefined":4,"s:34:4:39:Infinity":6,"b:35:8:35:22:36:8:36:Infinity":5,"s:38:8:38:Infinity":7,"s:41:4:41:Infinity":8,"f:54:16:54:35":2,"b:56:11:56:12":6,"b:57:11:57:14":7,"b:58:11:58:14":8,"b:59:11:59:12":9,"s:61:20:61:22":9,"s:62:4:64:Infinity":10,"s:62:17:62:18":11,"s:63:8:63:Infinity":12,"s:65:4:65:Infinity":13,"f:75:16:75:35":3,"b:75:50:75:55":10,"b:75:67:75:71":11,"s:77:20:77:51":14,"s:78:20:78:51":15,"s:79:20:79:51":16,"s:81:22:81:47":17,"s:83:20:83:22":18,"s:84:4:114:Infinity":19,"s:84:17:84:18":20,"s:85:18:85:25":21,"s:86:18:86:25":22,"s:87:18:87:25":23,"s:88:20:88:29":24,"b:90:8:109:Infinity:93:15:109:Infinity":12,"s:90:8:109:Infinity":25,"s:91:25:91:65":26,"b:91:44:91:55:91:58:91:65":13,"s:92:12:92:Infinity":27,"b:93:15:109:Infinity:95:15:109:Infinity":14,"s:93:15:109:Infinity":28,"s:94:12:94:Infinity":29,"b:95:15:109:Infinity:97:15:109:Infinity":15,"s:95:15:109:Infinity":30,"s:96:12:96:Infinity":31,"b:97:15:109:Infinity:104:15:109:Infinity":16,"s:97:15:109:Infinity":32,"s:99:25:99:36":33,"s:100:12:100:Infinity":34,"b:101:12:103:Infinity:undefined:undefined:undefined:undefined":17,"s:101:12:103:Infinity":35,"s:102:16:102:Infinity":36,"b:104:15:109:Infinity:undefined:undefined:undefined:undefined":18,"s:104:15:109:Infinity":37,"s:105:12:105:Infinity":38,"s:106:12:106:Infinity":39,"s:107:12:107:Infinity":40,"s:108:12:108:Infinity":41,"s:111:8:113:Infinity":42,"s:115:4:115:Infinity":43}}}
,"/Users/rogerioromao/dev/personal/spiral/src/utils/roundRectExtra.js": {"path":"/Users/rogerioromao/dev/personal/spiral/src/utils/roundRectExtra.js","statementMap":{"0":{"start":{"line":7,"column":0},"end":{"line":58,"column":null}},"1":{"start":{"line":16,"column":25},"end":{"line":21,"column":5}},"2":{"start":{"line":23,"column":4},"end":{"line":29,"column":null}},"3":{"start":{"line":24,"column":8},"end":{"line":28,"column":null}},"4":{"start":{"line":25,"column":12},"end":{"line":27,"column":null}},"5":{"start":{"line":26,"column":16},"end":{"line":26,"column":null}},"6":{"start":{"line":31,"column":4},"end":{"line":31,"column":null}},"7":{"start":{"line":32,"column":4},"end":{"line":32,"column":null}},"8":{"start":{"line":33,"column":4},"end":{"line":33,"column":null}},"9":{"start":{"line":34,"column":4},"end":{"line":34,"column":null}},"10":{"start":{"line":35,"column":4},"end":{"line":35,"column":null}},"11":{"start":{"line":36,"column":4},"end":{"line":41,"column":null}},"12":{"start":{"line":42,"column":4},"end":{"line":42,"column":null}},"13":{"start":{"line":43,"column":4},"end":{"line":48,"column":null}},"14":{"start":{"line":49,"column":4},"end":{"line":49,"column":null}},"15":{"start":{"line":50,"column":4},"end":{"line":50,"column":null}},"16":{"start":{"line":51,"column":4},"end":{"line":51,"column":null}},"17":{"start":{"line":52,"column":4},"end":{"line":54,"column":null}},"18":{"start":{"line":53,"column":8},"end":{"line":53,"column":null}},"19":{"start":{"line":55,"column":4},"end":{"line":57,"column":null}},"20":{"start":{"line":56,"column":8},"end":{"line":56,"column":null}}},"fnMap":{"0":{"name":"roundRectExtra","decl":{"start":{"line":7,"column":61},"end":{"line":7,"column":75}},"loc":{"start":{"line":15,"column":2},"end":{"line":58,"column":1}},"line":15}},"branchMap":{"0":{"loc":{"start":{"line":14,"column":4},"end":{"line":14,"column":17}},"type":"default-arg","locations":[{"start":{"line":14,"column":13},"end":{"line":14,"column":17}}],"line":14},"1":{"loc":{"start":{"line":23,"column":4},"end":{"line":29,"column":null}},"type":"if","locations":[{"start":{"line":23,"column":4},"end":{"line":29,"column":null}},{"start":{},"end":{}}],"line":23},"2":{"loc":{"start":{"line":25,"column":12},"end":{"line":27,"column":null}},"type":"if","locations":[{"start":{"line":25,"column":12},"end":{"line":27,"column":null}},{"start":{},"end":{}}],"line":25},"3":{"loc":{"start":{"line":52,"column":4},"end":{"line":54,"column":null}},"type":"if","locations":[{"start":{"line":52,"column":4},"end":{"line":54,"column":null}},{"start":{},"end":{}}],"line":52},"4":{"loc":{"start":{"line":55,"column":4},"end":{"line":57,"column":null}},"type":"if","locations":[{"start":{"line":55,"column":4},"end":{"line":57,"column":null}},{"start":{},"end":{}}],"line":55}},"s":{"0":0,"1":0,"2":0,"3":0,"4":0,"5":0,"6":0,"7":0,"8":0,"9":0,"10":0,"11":0,"12":0,"13":0,"14":0,"15":0,"16":0,"17":0,"18":0,"19":0,"20":0},"f":{"0":0},"b":{"0":[0],"1":[0,0],"2":[0,0],"3":[0,0],"4":[0,0]},"meta":{"lastBranch":5,"lastFunction":1,"lastStatement":21,"seen":{"s:7:0:58:Infinity":0,"f:7:61:7:75":0,"b:14:13:14:17":0,"s:16:25:21:5":1,"b:23:4:29:Infinity:undefined:undefined:undefined:undefined":1,"s:23:4:29:Infinity":2,"s:24:8:28:Infinity":3,"b:25:12:27:Infinity:undefined:undefined:undefined:undefined":2,"s:25:12:27:Infinity":4,"s:26:16:26:Infinity":5,"s:31:4:31:Infinity":6,"s:32:4:32:Infinity":7,"s:33:4:33:Infinity":8,"s:34:4:34:Infinity":9,"s:35:4:35:Infinity":10,"s:36:4:41:Infinity":11,"s:42:4:42:Infinity":12,"s:43:4:48:Infinity":13,"s:49:4:49:Infinity":14,"s:50:4:50:Infinity":15,"s:51:4:51:Infinity":16,"b:52:4:54:Infinity:undefined:undefined:undefined:undefined":3,"s:52:4:54:Infinity":17,"s:53:8:53:Infinity":18,"b:55:4:57:Infinity:undefined:undefined:undefined:undefined":4,"s:55:4:57:Infinity":19,"s:56:8:56:Infinity":20}}}
}
